{"/home/rawda/Dev/loop-expenses/backend/src/dbConnection.js": {"path":"/home/rawda/Dev/loop-expenses/backend/src/dbConnection.js","all":false,"statementMap":{"0":{"start":{"line":1,"column":0},"end":{"line":1,"column":32}},"1":{"start":{"line":2,"column":0},"end":{"line":2,"column":23}},"2":{"start":{"line":3,"column":0},"end":{"line":3,"column":43}},"3":{"start":{"line":4,"column":0},"end":{"line":4,"column":42}},"4":{"start":{"line":5,"column":0},"end":{"line":5,"column":48}},"5":{"start":{"line":6,"column":0},"end":{"line":6,"column":36}},"6":{"start":{"line":7,"column":0},"end":{"line":7,"column":45}},"7":{"start":{"line":8,"column":0},"end":{"line":8,"column":41}},"8":{"start":{"line":9,"column":0},"end":{"line":9,"column":27}},"9":{"start":{"line":10,"column":0},"end":{"line":10,"column":38}},"10":{"start":{"line":11,"column":0},"end":{"line":11,"column":39}},"11":{"start":{"line":12,"column":0},"end":{"line":12,"column":35}},"12":{"start":{"line":13,"column":0},"end":{"line":13,"column":23}},"13":{"start":{"line":14,"column":0},"end":{"line":14,"column":5}},"14":{"start":{"line":15,"column":0},"end":{"line":15,"column":0}},"15":{"start":{"line":16,"column":0},"end":{"line":16,"column":36}},"16":{"start":{"line":17,"column":0},"end":{"line":17,"column":38}},"17":{"start":{"line":18,"column":0},"end":{"line":18,"column":5}},"18":{"start":{"line":19,"column":0},"end":{"line":19,"column":2}},"19":{"start":{"line":20,"column":0},"end":{"line":20,"column":0}},"20":{"start":{"line":21,"column":0},"end":{"line":21,"column":44}},"21":{"start":{"line":22,"column":0},"end":{"line":22,"column":34}},"22":{"start":{"line":23,"column":0},"end":{"line":23,"column":30}},"23":{"start":{"line":24,"column":0},"end":{"line":24,"column":32}},"24":{"start":{"line":25,"column":0},"end":{"line":25,"column":35}},"25":{"start":{"line":26,"column":0},"end":{"line":26,"column":2}},"26":{"start":{"line":27,"column":0},"end":{"line":27,"column":0}},"27":{"start":{"line":28,"column":0},"end":{"line":28,"column":35}},"28":{"start":{"line":29,"column":0},"end":{"line":29,"column":34}},"29":{"start":{"line":30,"column":0},"end":{"line":30,"column":54}},"30":{"start":{"line":31,"column":0},"end":{"line":31,"column":0}},"31":{"start":{"line":32,"column":0},"end":{"line":32,"column":34}},"32":{"start":{"line":33,"column":0},"end":{"line":33,"column":76}},"33":{"start":{"line":34,"column":0},"end":{"line":34,"column":3}},"34":{"start":{"line":35,"column":0},"end":{"line":35,"column":47}},"35":{"start":{"line":36,"column":0},"end":{"line":36,"column":53}},"36":{"start":{"line":37,"column":0},"end":{"line":37,"column":2}}},"s":{"0":1,"1":0,"2":1,"3":1,"4":1,"5":1,"6":4,"7":4,"8":4,"9":4,"10":4,"11":4,"12":0,"13":4,"14":4,"15":4,"16":0,"17":4,"18":1,"19":1,"20":1,"21":1,"22":4,"23":4,"24":4,"25":1,"26":1,"27":1,"28":1,"29":20,"30":20,"31":20,"32":40,"33":40,"34":20,"35":20,"36":1},"branchMap":{"0":{"type":"branch","line":2,"loc":{"start":{"line":2,"column":0},"end":{"line":2,"column":23}},"locations":[{"start":{"line":2,"column":0},"end":{"line":2,"column":23}}]},"1":{"type":"branch","line":2,"loc":{"start":{"line":2,"column":0},"end":{"line":2,"column":23}},"locations":[{"start":{"line":2,"column":0},"end":{"line":2,"column":23}}]},"2":{"type":"branch","line":2,"loc":{"start":{"line":2,"column":0},"end":{"line":2,"column":23}},"locations":[{"start":{"line":2,"column":0},"end":{"line":2,"column":23}}]},"3":{"type":"branch","line":2,"loc":{"start":{"line":2,"column":0},"end":{"line":2,"column":23}},"locations":[{"start":{"line":2,"column":0},"end":{"line":2,"column":23}}]},"4":{"type":"branch","line":2,"loc":{"start":{"line":2,"column":0},"end":{"line":2,"column":23}},"locations":[{"start":{"line":2,"column":0},"end":{"line":2,"column":23}}]},"5":{"type":"branch","line":2,"loc":{"start":{"line":2,"column":0},"end":{"line":2,"column":23}},"locations":[{"start":{"line":2,"column":0},"end":{"line":2,"column":23}}]},"6":{"type":"branch","line":2,"loc":{"start":{"line":2,"column":0},"end":{"line":2,"column":23}},"locations":[{"start":{"line":2,"column":0},"end":{"line":2,"column":23}}]},"7":{"type":"branch","line":2,"loc":{"start":{"line":2,"column":0},"end":{"line":2,"column":23}},"locations":[{"start":{"line":2,"column":0},"end":{"line":2,"column":23}}]},"8":{"type":"branch","line":6,"loc":{"start":{"line":6,"column":20},"end":{"line":6,"column":23}},"locations":[{"start":{"line":6,"column":20},"end":{"line":6,"column":23}}]},"9":{"type":"branch","line":6,"loc":{"start":{"line":6,"column":23},"end":{"line":18,"column":5}},"locations":[{"start":{"line":6,"column":23},"end":{"line":18,"column":5}}]},"10":{"type":"branch","line":6,"loc":{"start":{"line":6,"column":23},"end":{"line":18,"column":5}},"locations":[{"start":{"line":6,"column":23},"end":{"line":18,"column":5}}]},"11":{"type":"branch","line":6,"loc":{"start":{"line":6,"column":23},"end":{"line":10,"column":38}},"locations":[{"start":{"line":6,"column":23},"end":{"line":10,"column":38}}]},"12":{"type":"branch","line":7,"loc":{"start":{"line":7,"column":34},"end":{"line":7,"column":44}},"locations":[{"start":{"line":7,"column":34},"end":{"line":7,"column":44}}]},"13":{"type":"branch","line":10,"loc":{"start":{"line":10,"column":37},"end":{"line":18,"column":5}},"locations":[{"start":{"line":10,"column":37},"end":{"line":18,"column":5}}]},"14":{"type":"branch","line":22,"loc":{"start":{"line":22,"column":18},"end":{"line":22,"column":21}},"locations":[{"start":{"line":22,"column":18},"end":{"line":22,"column":21}}]},"15":{"type":"branch","line":22,"loc":{"start":{"line":22,"column":21},"end":{"line":25,"column":35}},"locations":[{"start":{"line":22,"column":21},"end":{"line":25,"column":35}}]},"16":{"type":"branch","line":22,"loc":{"start":{"line":22,"column":21},"end":{"line":25,"column":35}},"locations":[{"start":{"line":22,"column":21},"end":{"line":25,"column":35}}]},"17":{"type":"branch","line":22,"loc":{"start":{"line":22,"column":21},"end":{"line":23,"column":30}},"locations":[{"start":{"line":22,"column":21},"end":{"line":23,"column":30}}]},"18":{"type":"branch","line":23,"loc":{"start":{"line":23,"column":29},"end":{"line":25,"column":35}},"locations":[{"start":{"line":23,"column":29},"end":{"line":25,"column":35}}]},"19":{"type":"branch","line":29,"loc":{"start":{"line":29,"column":18},"end":{"line":29,"column":21}},"locations":[{"start":{"line":29,"column":18},"end":{"line":29,"column":21}}]},"20":{"type":"branch","line":29,"loc":{"start":{"line":29,"column":21},"end":{"line":36,"column":53}},"locations":[{"start":{"line":29,"column":21},"end":{"line":36,"column":53}}]},"21":{"type":"branch","line":29,"loc":{"start":{"line":29,"column":21},"end":{"line":36,"column":53}},"locations":[{"start":{"line":29,"column":21},"end":{"line":36,"column":53}}]},"22":{"type":"branch","line":32,"loc":{"start":{"line":32,"column":33},"end":{"line":34,"column":3}},"locations":[{"start":{"line":32,"column":33},"end":{"line":34,"column":3}}]},"23":{"type":"branch","line":33,"loc":{"start":{"line":33,"column":41},"end":{"line":33,"column":75}},"locations":[{"start":{"line":33,"column":41},"end":{"line":33,"column":75}}]}},"b":{"0":[36],"1":[0],"2":[28],"3":[8],"4":[15],"5":[28],"6":[28],"7":[36],"8":[5],"9":[4],"10":[8],"11":[4],"12":[0],"13":[4],"14":[5],"15":[4],"16":[8],"17":[4],"18":[4],"19":[5],"20":[20],"21":[20],"22":[40],"23":[40]},"fnMap":{"0":{"name":"asyncGeneratorStep","decl":{"start":{"line":2,"column":0},"end":{"line":2,"column":23}},"loc":{"start":{"line":2,"column":0},"end":{"line":2,"column":23}},"line":2},"1":{"name":"_asyncToGenerator","decl":{"start":{"line":2,"column":0},"end":{"line":2,"column":23}},"loc":{"start":{"line":2,"column":0},"end":{"line":2,"column":23}},"line":2},"2":{"name":"_next","decl":{"start":{"line":2,"column":0},"end":{"line":2,"column":23}},"loc":{"start":{"line":2,"column":0},"end":{"line":2,"column":23}},"line":2},"3":{"name":"_throw","decl":{"start":{"line":2,"column":0},"end":{"line":2,"column":23}},"loc":{"start":{"line":2,"column":0},"end":{"line":2,"column":23}},"line":2},"4":{"name":"_callee","decl":{"start":{"line":6,"column":23},"end":{"line":18,"column":5}},"loc":{"start":{"line":6,"column":23},"end":{"line":18,"column":5}},"line":6},"5":{"name":"_callee$","decl":{"start":{"line":6,"column":23},"end":{"line":18,"column":5}},"loc":{"start":{"line":6,"column":23},"end":{"line":18,"column":5}},"line":6},"6":{"name":"_callee2","decl":{"start":{"line":22,"column":21},"end":{"line":25,"column":35}},"loc":{"start":{"line":22,"column":21},"end":{"line":25,"column":35}},"line":22},"7":{"name":"_callee2$","decl":{"start":{"line":22,"column":21},"end":{"line":25,"column":35}},"loc":{"start":{"line":22,"column":21},"end":{"line":25,"column":35}},"line":22},"8":{"name":"_callee3","decl":{"start":{"line":29,"column":21},"end":{"line":36,"column":53}},"loc":{"start":{"line":29,"column":21},"end":{"line":36,"column":53}},"line":29},"9":{"name":"_callee3$","decl":{"start":{"line":29,"column":21},"end":{"line":36,"column":53}},"loc":{"start":{"line":29,"column":21},"end":{"line":36,"column":53}},"line":29}},"f":{"0":36,"1":15,"2":36,"3":0,"4":4,"5":8,"6":4,"7":8,"8":20,"9":20}}
,"/home/rawda/Dev/loop-expenses/backend/src/dbSetting.js": {"path":"/home/rawda/Dev/loop-expenses/backend/src/dbSetting.js","all":false,"statementMap":{"0":{"start":{"line":1,"column":0},"end":{"line":1,"column":23}},"1":{"start":{"line":2,"column":0},"end":{"line":2,"column":0}},"2":{"start":{"line":3,"column":0},"end":{"line":3,"column":26}},"3":{"start":{"line":4,"column":0},"end":{"line":4,"column":9}},"4":{"start":{"line":5,"column":0},"end":{"line":5,"column":38}},"5":{"start":{"line":6,"column":0},"end":{"line":6,"column":4}},"6":{"start":{"line":7,"column":0},"end":{"line":7,"column":16}},"7":{"start":{"line":8,"column":0},"end":{"line":8,"column":33}},"8":{"start":{"line":9,"column":0},"end":{"line":9,"column":4}},"9":{"start":{"line":10,"column":0},"end":{"line":10,"column":2}}},"s":{"0":1,"1":1,"2":1,"3":1,"4":1,"5":1,"6":1,"7":1,"8":1,"9":1},"branchMap":{},"b":{},"fnMap":{},"f":{}}
,"/home/rawda/Dev/loop-expenses/backend/src/server.js": {"path":"/home/rawda/Dev/loop-expenses/backend/src/server.js","all":false,"statementMap":{"0":{"start":{"line":1,"column":0},"end":{"line":1,"column":30}},"1":{"start":{"line":2,"column":0},"end":{"line":2,"column":32}},"2":{"start":{"line":3,"column":0},"end":{"line":3,"column":23}},"3":{"start":{"line":4,"column":0},"end":{"line":4,"column":30}},"4":{"start":{"line":5,"column":0},"end":{"line":5,"column":46}},"5":{"start":{"line":6,"column":0},"end":{"line":6,"column":46}},"6":{"start":{"line":7,"column":0},"end":{"line":7,"column":52}},"7":{"start":{"line":8,"column":0},"end":{"line":8,"column":41}},"8":{"start":{"line":9,"column":0},"end":{"line":9,"column":22}},"9":{"start":{"line":10,"column":0},"end":{"line":10,"column":24}},"10":{"start":{"line":11,"column":0},"end":{"line":11,"column":67}},"11":{"start":{"line":12,"column":0},"end":{"line":12,"column":34}},"12":{"start":{"line":13,"column":0},"end":{"line":13,"column":40}},"13":{"start":{"line":14,"column":0},"end":{"line":14,"column":29}},"14":{"start":{"line":15,"column":0},"end":{"line":15,"column":38}},"15":{"start":{"line":16,"column":0},"end":{"line":16,"column":71}},"16":{"start":{"line":17,"column":0},"end":{"line":17,"column":1}},"17":{"start":{"line":18,"column":0},"end":{"line":18,"column":34}},"18":{"start":{"line":19,"column":0},"end":{"line":19,"column":41}},"19":{"start":{"line":20,"column":0},"end":{"line":20,"column":67}},"20":{"start":{"line":21,"column":0},"end":{"line":21,"column":19}},"21":{"start":{"line":22,"column":0},"end":{"line":22,"column":67}},"22":{"start":{"line":23,"column":0},"end":{"line":23,"column":21}},"23":{"start":{"line":24,"column":0},"end":{"line":24,"column":3}},"24":{"start":{"line":25,"column":0},"end":{"line":25,"column":9}},"25":{"start":{"line":26,"column":0},"end":{"line":26,"column":3}},"26":{"start":{"line":27,"column":0},"end":{"line":27,"column":25}},"27":{"start":{"line":28,"column":0},"end":{"line":28,"column":55}},"28":{"start":{"line":29,"column":0},"end":{"line":29,"column":5}},"29":{"start":{"line":30,"column":0},"end":{"line":30,"column":0}},"30":{"start":{"line":31,"column":0},"end":{"line":31,"column":26}},"31":{"start":{"line":32,"column":0},"end":{"line":32,"column":37}},"32":{"start":{"line":33,"column":0},"end":{"line":33,"column":38}},"33":{"start":{"line":34,"column":0},"end":{"line":34,"column":30}},"34":{"start":{"line":35,"column":0},"end":{"line":35,"column":27}},"35":{"start":{"line":36,"column":0},"end":{"line":36,"column":6}},"36":{"start":{"line":37,"column":0},"end":{"line":37,"column":42}},"37":{"start":{"line":38,"column":0},"end":{"line":38,"column":70}},"38":{"start":{"line":39,"column":0},"end":{"line":39,"column":6}},"39":{"start":{"line":40,"column":0},"end":{"line":40,"column":0}},"40":{"start":{"line":41,"column":0},"end":{"line":41,"column":19}}},"s":{"0":1,"1":0,"2":1,"3":1,"4":1,"5":1,"6":1,"7":1,"8":1,"9":1,"10":1,"11":1,"12":1,"13":1,"14":1,"15":0,"16":0,"17":1,"18":4,"19":4,"20":4,"21":0,"22":0,"23":0,"24":4,"25":1,"26":1,"27":4,"28":1,"29":1,"30":1,"31":1,"32":1,"33":1,"34":1,"35":1,"36":1,"37":1,"38":1,"39":1,"40":1},"branchMap":{"0":{"type":"branch","line":15,"loc":{"start":{"line":15,"column":37},"end":{"line":17,"column":1}},"locations":[{"start":{"line":15,"column":37},"end":{"line":17,"column":1}}]},"1":{"type":"branch","line":2,"loc":{"start":{"line":2,"column":0},"end":{"line":2,"column":32}},"locations":[{"start":{"line":2,"column":0},"end":{"line":2,"column":32}}]},"2":{"type":"branch","line":2,"loc":{"start":{"line":2,"column":0},"end":{"line":2,"column":32}},"locations":[{"start":{"line":2,"column":0},"end":{"line":2,"column":32}}]},"3":{"type":"branch","line":2,"loc":{"start":{"line":2,"column":0},"end":{"line":2,"column":32}},"locations":[{"start":{"line":2,"column":0},"end":{"line":2,"column":32}}]},"4":{"type":"branch","line":2,"loc":{"start":{"line":2,"column":0},"end":{"line":2,"column":32}},"locations":[{"start":{"line":2,"column":0},"end":{"line":2,"column":32}}]},"5":{"type":"branch","line":2,"loc":{"start":{"line":2,"column":0},"end":{"line":2,"column":32}},"locations":[{"start":{"line":2,"column":0},"end":{"line":2,"column":32}}]},"6":{"type":"branch","line":2,"loc":{"start":{"line":2,"column":0},"end":{"line":2,"column":32}},"locations":[{"start":{"line":2,"column":0},"end":{"line":2,"column":32}}]},"7":{"type":"branch","line":2,"loc":{"start":{"line":2,"column":0},"end":{"line":2,"column":32}},"locations":[{"start":{"line":2,"column":0},"end":{"line":2,"column":32}}]},"8":{"type":"branch","line":18,"loc":{"start":{"line":18,"column":8},"end":{"line":26,"column":2}},"locations":[{"start":{"line":18,"column":8},"end":{"line":26,"column":2}}]},"9":{"type":"branch","line":21,"loc":{"start":{"line":21,"column":3},"end":{"line":24,"column":3}},"locations":[{"start":{"line":21,"column":3},"end":{"line":24,"column":3}}]},"10":{"type":"branch","line":27,"loc":{"start":{"line":27,"column":6},"end":{"line":29,"column":4}},"locations":[{"start":{"line":27,"column":6},"end":{"line":29,"column":4}}]},"11":{"type":"branch","line":27,"loc":{"start":{"line":27,"column":6},"end":{"line":28,"column":55}},"locations":[{"start":{"line":27,"column":6},"end":{"line":28,"column":55}}]},"12":{"type":"branch","line":27,"loc":{"start":{"line":27,"column":6},"end":{"line":28,"column":55}},"locations":[{"start":{"line":27,"column":6},"end":{"line":28,"column":55}}]},"13":{"type":"branch","line":27,"loc":{"start":{"line":27,"column":6},"end":{"line":28,"column":55}},"locations":[{"start":{"line":27,"column":6},"end":{"line":28,"column":55}}]},"14":{"type":"branch","line":28,"loc":{"start":{"line":28,"column":37},"end":{"line":28,"column":55}},"locations":[{"start":{"line":28,"column":37},"end":{"line":28,"column":55}}]},"15":{"type":"branch","line":28,"loc":{"start":{"line":28,"column":54},"end":{"line":28,"column":55}},"locations":[{"start":{"line":28,"column":54},"end":{"line":28,"column":55}}]},"16":{"type":"branch","line":28,"loc":{"start":{"line":28,"column":54},"end":{"line":28,"column":55}},"locations":[{"start":{"line":28,"column":54},"end":{"line":28,"column":55}}]}},"b":{"0":[0],"1":[4],"2":[0],"3":[0],"4":[4],"5":[4],"6":[4],"7":[4],"8":[4],"9":[0],"10":[4],"11":[4],"12":[8],"13":[4],"14":[0],"15":[4],"16":[4]},"fnMap":{"0":{"name":"asyncGeneratorStep","decl":{"start":{"line":2,"column":0},"end":{"line":2,"column":32}},"loc":{"start":{"line":2,"column":0},"end":{"line":2,"column":32}},"line":2},"1":{"name":"_asyncToGenerator","decl":{"start":{"line":2,"column":0},"end":{"line":2,"column":32}},"loc":{"start":{"line":2,"column":0},"end":{"line":2,"column":32}},"line":2},"2":{"name":"_next","decl":{"start":{"line":2,"column":0},"end":{"line":2,"column":32}},"loc":{"start":{"line":2,"column":0},"end":{"line":2,"column":32}},"line":2},"3":{"name":"_throw","decl":{"start":{"line":2,"column":0},"end":{"line":2,"column":32}},"loc":{"start":{"line":2,"column":0},"end":{"line":2,"column":32}},"line":2},"4":{"name":"_callee","decl":{"start":{"line":27,"column":6},"end":{"line":29,"column":4}},"loc":{"start":{"line":27,"column":6},"end":{"line":29,"column":4}},"line":27},"5":{"name":"_callee$","decl":{"start":{"line":27,"column":6},"end":{"line":28,"column":55}},"loc":{"start":{"line":27,"column":6},"end":{"line":28,"column":55}},"line":27}},"f":{"0":4,"1":4,"2":4,"3":0,"4":4,"5":4}}
,"/home/rawda/Dev/loop-expenses/backend/src/config/index.js": {"path":"/home/rawda/Dev/loop-expenses/backend/src/config/index.js","all":false,"statementMap":{"0":{"start":{"line":1,"column":0},"end":{"line":1,"column":23}},"1":{"start":{"line":2,"column":0},"end":{"line":2,"column":16}},"2":{"start":{"line":3,"column":0},"end":{"line":3,"column":45}},"3":{"start":{"line":4,"column":0},"end":{"line":4,"column":33}},"4":{"start":{"line":5,"column":0},"end":{"line":5,"column":48}},"5":{"start":{"line":6,"column":0},"end":{"line":6,"column":11}},"6":{"start":{"line":7,"column":0},"end":{"line":7,"column":30}},"7":{"start":{"line":8,"column":0},"end":{"line":8,"column":18}},"8":{"start":{"line":9,"column":0},"end":{"line":9,"column":39}},"9":{"start":{"line":10,"column":0},"end":{"line":10,"column":11}},"10":{"start":{"line":11,"column":0},"end":{"line":11,"column":43}},"11":{"start":{"line":12,"column":0},"end":{"line":12,"column":23}},"12":{"start":{"line":13,"column":0},"end":{"line":13,"column":2}},"13":{"start":{"line":14,"column":0},"end":{"line":14,"column":22}}},"s":{"0":1,"1":1,"2":1,"3":1,"4":1,"5":1,"6":1,"7":0,"8":0,"9":0,"10":0,"11":0,"12":1,"13":1},"branchMap":{"0":{"type":"branch","line":3,"loc":{"start":{"line":3,"column":27},"end":{"line":3,"column":44}},"locations":[{"start":{"line":3,"column":27},"end":{"line":3,"column":44}}]},"1":{"type":"branch","line":4,"loc":{"start":{"line":4,"column":24},"end":{"line":4,"column":32}},"locations":[{"start":{"line":4,"column":24},"end":{"line":4,"column":32}}]},"2":{"type":"branch","line":5,"loc":{"start":{"line":5,"column":35},"end":{"line":5,"column":47}},"locations":[{"start":{"line":5,"column":35},"end":{"line":5,"column":47}}]},"3":{"type":"branch","line":7,"loc":{"start":{"line":7,"column":27},"end":{"line":12,"column":23}},"locations":[{"start":{"line":7,"column":27},"end":{"line":12,"column":23}}]}},"b":{"0":[0],"1":[0],"2":[0],"3":[0]},"fnMap":{},"f":{}}
,"/home/rawda/Dev/loop-expenses/backend/src/controllers/auth.controller.js": {"path":"/home/rawda/Dev/loop-expenses/backend/src/controllers/auth.controller.js","all":false,"statementMap":{"0":{"start":{"line":1,"column":0},"end":{"line":1,"column":40}},"1":{"start":{"line":2,"column":0},"end":{"line":2,"column":31}},"2":{"start":{"line":3,"column":0},"end":{"line":3,"column":41}},"3":{"start":{"line":4,"column":0},"end":{"line":4,"column":31}},"4":{"start":{"line":5,"column":0},"end":{"line":5,"column":42}},"5":{"start":{"line":6,"column":0},"end":{"line":6,"column":7}},"6":{"start":{"line":7,"column":0},"end":{"line":7,"column":63}},"7":{"start":{"line":8,"column":0},"end":{"line":8,"column":4}},"8":{"start":{"line":9,"column":0},"end":{"line":9,"column":57}},"9":{"start":{"line":10,"column":0},"end":{"line":10,"column":79}},"10":{"start":{"line":11,"column":0},"end":{"line":11,"column":5}},"11":{"start":{"line":12,"column":0},"end":{"line":12,"column":64}},"12":{"start":{"line":13,"column":0},"end":{"line":13,"column":0}},"13":{"start":{"line":14,"column":0},"end":{"line":14,"column":21}},"14":{"start":{"line":15,"column":0},"end":{"line":15,"column":12}},"15":{"start":{"line":16,"column":0},"end":{"line":16,"column":13}},"16":{"start":{"line":17,"column":0},"end":{"line":17,"column":22}},"17":{"start":{"line":18,"column":0},"end":{"line":18,"column":24}},"18":{"start":{"line":19,"column":0},"end":{"line":19,"column":8}},"19":{"start":{"line":20,"column":0},"end":{"line":20,"column":7}},"20":{"start":{"line":21,"column":0},"end":{"line":21,"column":17}},"21":{"start":{"line":22,"column":0},"end":{"line":22,"column":61}},"22":{"start":{"line":23,"column":0},"end":{"line":23,"column":3}},"23":{"start":{"line":24,"column":0},"end":{"line":24,"column":2}},"24":{"start":{"line":25,"column":0},"end":{"line":25,"column":37}},"25":{"start":{"line":26,"column":0},"end":{"line":26,"column":31}},"26":{"start":{"line":27,"column":0},"end":{"line":27,"column":33}},"27":{"start":{"line":28,"column":0},"end":{"line":28,"column":5}},"28":{"start":{"line":29,"column":0},"end":{"line":29,"column":2}},"29":{"start":{"line":30,"column":0},"end":{"line":30,"column":40}},"30":{"start":{"line":31,"column":0},"end":{"line":31,"column":27}},"31":{"start":{"line":32,"column":0},"end":{"line":32,"column":23}},"32":{"start":{"line":33,"column":0},"end":{"line":33,"column":24}},"33":{"start":{"line":34,"column":0},"end":{"line":34,"column":3}},"34":{"start":{"line":35,"column":0},"end":{"line":35,"column":53}},"35":{"start":{"line":36,"column":0},"end":{"line":36,"column":80}},"36":{"start":{"line":37,"column":0},"end":{"line":37,"column":0}},"37":{"start":{"line":38,"column":0},"end":{"line":38,"column":20}},"38":{"start":{"line":39,"column":0},"end":{"line":39,"column":33}},"39":{"start":{"line":40,"column":0},"end":{"line":40,"column":66}},"40":{"start":{"line":41,"column":0},"end":{"line":41,"column":7}},"41":{"start":{"line":42,"column":0},"end":{"line":42,"column":3}},"42":{"start":{"line":43,"column":0},"end":{"line":43,"column":9}},"43":{"start":{"line":44,"column":0},"end":{"line":44,"column":2}}},"s":{"0":1,"1":0,"2":1,"3":1,"4":1,"5":2,"6":2,"7":2,"8":2,"9":1,"10":1,"11":1,"12":1,"13":1,"14":1,"15":1,"16":1,"17":1,"18":1,"19":1,"20":0,"21":0,"22":1,"23":1,"24":1,"25":1,"26":1,"27":1,"28":1,"29":1,"30":1,"31":1,"32":1,"33":1,"34":1,"35":2,"36":2,"37":2,"38":0,"39":0,"40":0,"41":0,"42":2,"43":2},"branchMap":{"0":{"type":"branch","line":2,"loc":{"start":{"line":2,"column":0},"end":{"line":2,"column":31}},"locations":[{"start":{"line":2,"column":0},"end":{"line":2,"column":31}}]},"1":{"type":"branch","line":2,"loc":{"start":{"line":2,"column":0},"end":{"line":2,"column":31}},"locations":[{"start":{"line":2,"column":0},"end":{"line":2,"column":31}}]},"2":{"type":"branch","line":2,"loc":{"start":{"line":2,"column":0},"end":{"line":2,"column":31}},"locations":[{"start":{"line":2,"column":0},"end":{"line":2,"column":31}}]},"3":{"type":"branch","line":2,"loc":{"start":{"line":2,"column":0},"end":{"line":2,"column":31}},"locations":[{"start":{"line":2,"column":0},"end":{"line":2,"column":31}}]},"4":{"type":"branch","line":2,"loc":{"start":{"line":2,"column":0},"end":{"line":2,"column":31}},"locations":[{"start":{"line":2,"column":0},"end":{"line":2,"column":31}}]},"5":{"type":"branch","line":2,"loc":{"start":{"line":2,"column":0},"end":{"line":2,"column":31}},"locations":[{"start":{"line":2,"column":0},"end":{"line":2,"column":31}}]},"6":{"type":"branch","line":2,"loc":{"start":{"line":2,"column":0},"end":{"line":2,"column":31}},"locations":[{"start":{"line":2,"column":0},"end":{"line":2,"column":31}}]},"7":{"type":"branch","line":5,"loc":{"start":{"line":5,"column":18},"end":{"line":5,"column":21}},"locations":[{"start":{"line":5,"column":18},"end":{"line":5,"column":21}}]},"8":{"type":"branch","line":5,"loc":{"start":{"line":5,"column":21},"end":{"line":22,"column":61}},"locations":[{"start":{"line":5,"column":21},"end":{"line":22,"column":61}}]},"9":{"type":"branch","line":5,"loc":{"start":{"line":5,"column":36},"end":{"line":22,"column":61}},"locations":[{"start":{"line":5,"column":36},"end":{"line":22,"column":61}}]},"10":{"type":"branch","line":5,"loc":{"start":{"line":5,"column":36},"end":{"line":22,"column":61}},"locations":[{"start":{"line":5,"column":36},"end":{"line":22,"column":61}}]},"11":{"type":"branch","line":5,"loc":{"start":{"line":5,"column":36},"end":{"line":7,"column":63}},"locations":[{"start":{"line":5,"column":36},"end":{"line":7,"column":63}}]},"12":{"type":"branch","line":7,"loc":{"start":{"line":7,"column":62},"end":{"line":10,"column":79}},"locations":[{"start":{"line":7,"column":62},"end":{"line":10,"column":79}}]},"13":{"type":"branch","line":9,"loc":{"start":{"line":9,"column":54},"end":{"line":10,"column":79}},"locations":[{"start":{"line":9,"column":54},"end":{"line":10,"column":79}}]},"14":{"type":"branch","line":10,"loc":{"start":{"line":10,"column":78},"end":{"line":20,"column":7}},"locations":[{"start":{"line":10,"column":78},"end":{"line":20,"column":7}}]},"15":{"type":"branch","line":20,"loc":{"start":{"line":20,"column":6},"end":{"line":22,"column":61}},"locations":[{"start":{"line":20,"column":6},"end":{"line":22,"column":61}}]},"16":{"type":"branch","line":22,"loc":{"start":{"line":22,"column":60},"end":{"line":22,"column":61}},"locations":[{"start":{"line":22,"column":60},"end":{"line":22,"column":61}}]},"17":{"type":"branch","line":22,"loc":{"start":{"line":22,"column":60},"end":{"line":22,"column":61}},"locations":[{"start":{"line":22,"column":60},"end":{"line":22,"column":61}}]},"18":{"type":"branch","line":25,"loc":{"start":{"line":25,"column":22},"end":{"line":29,"column":2}},"locations":[{"start":{"line":25,"column":22},"end":{"line":29,"column":2}}]},"19":{"type":"branch","line":35,"loc":{"start":{"line":35,"column":32},"end":{"line":44,"column":2}},"locations":[{"start":{"line":35,"column":32},"end":{"line":44,"column":2}}]},"20":{"type":"branch","line":38,"loc":{"start":{"line":38,"column":19},"end":{"line":42,"column":3}},"locations":[{"start":{"line":38,"column":19},"end":{"line":42,"column":3}}]}},"b":{"0":[4],"1":[0],"2":[2],"3":[4],"4":[2],"5":[2],"6":[4],"7":[4],"8":[2],"9":[6],"10":[7],"11":[2],"12":[2],"13":[1],"14":[1],"15":[0],"16":[0],"17":[2],"18":[1],"19":[2],"20":[0]},"fnMap":{"0":{"name":"asyncGeneratorStep","decl":{"start":{"line":2,"column":0},"end":{"line":2,"column":31}},"loc":{"start":{"line":2,"column":0},"end":{"line":2,"column":31}},"line":2},"1":{"name":"_asyncToGenerator","decl":{"start":{"line":2,"column":0},"end":{"line":2,"column":31}},"loc":{"start":{"line":2,"column":0},"end":{"line":2,"column":31}},"line":2},"2":{"name":"_next","decl":{"start":{"line":2,"column":0},"end":{"line":2,"column":31}},"loc":{"start":{"line":2,"column":0},"end":{"line":2,"column":31}},"line":2},"3":{"name":"_throw","decl":{"start":{"line":2,"column":0},"end":{"line":2,"column":31}},"loc":{"start":{"line":2,"column":0},"end":{"line":2,"column":31}},"line":2},"4":{"name":"_callee","decl":{"start":{"line":5,"column":21},"end":{"line":22,"column":61}},"loc":{"start":{"line":5,"column":21},"end":{"line":22,"column":61}},"line":5},"5":{"name":"_callee$","decl":{"start":{"line":5,"column":36},"end":{"line":22,"column":61}},"loc":{"start":{"line":5,"column":36},"end":{"line":22,"column":61}},"line":5},"6":{"name":"logout","decl":{"start":{"line":25,"column":22},"end":{"line":29,"column":2}},"loc":{"start":{"line":25,"column":22},"end":{"line":29,"column":2}},"line":25},"7":{"name":"hasAuthorization","decl":{"start":{"line":35,"column":32},"end":{"line":44,"column":2}},"loc":{"start":{"line":35,"column":32},"end":{"line":44,"column":2}},"line":35}},"f":{"0":4,"1":4,"2":4,"3":0,"4":2,"5":6,"6":1,"7":2}}
,"/home/rawda/Dev/loop-expenses/backend/src/controllers/expense.controller.js": {"path":"/home/rawda/Dev/loop-expenses/backend/src/controllers/expense.controller.js","all":false,"statementMap":{"0":{"start":{"line":1,"column":0},"end":{"line":1,"column":32}},"1":{"start":{"line":2,"column":0},"end":{"line":2,"column":53}},"2":{"start":{"line":3,"column":0},"end":{"line":3,"column":46}},"3":{"start":{"line":4,"column":0},"end":{"line":4,"column":35}},"4":{"start":{"line":5,"column":0},"end":{"line":5,"column":47}},"5":{"start":{"line":6,"column":0},"end":{"line":6,"column":38}},"6":{"start":{"line":7,"column":0},"end":{"line":7,"column":36}},"7":{"start":{"line":8,"column":0},"end":{"line":8,"column":36}},"8":{"start":{"line":9,"column":0},"end":{"line":9,"column":34}},"9":{"start":{"line":10,"column":0},"end":{"line":10,"column":7}},"10":{"start":{"line":11,"column":0},"end":{"line":11,"column":39}},"11":{"start":{"line":12,"column":0},"end":{"line":12,"column":13}},"12":{"start":{"line":13,"column":0},"end":{"line":13,"column":58}},"13":{"start":{"line":14,"column":0},"end":{"line":14,"column":32}},"14":{"start":{"line":15,"column":0},"end":{"line":15,"column":8}},"15":{"start":{"line":16,"column":0},"end":{"line":16,"column":6}},"16":{"start":{"line":17,"column":0},"end":{"line":17,"column":25}},"17":{"start":{"line":18,"column":0},"end":{"line":18,"column":37}},"18":{"start":{"line":19,"column":0},"end":{"line":19,"column":30}},"19":{"start":{"line":20,"column":0},"end":{"line":20,"column":17}},"20":{"start":{"line":21,"column":0},"end":{"line":21,"column":33}},"21":{"start":{"line":22,"column":0},"end":{"line":22,"column":47}},"22":{"start":{"line":23,"column":0},"end":{"line":23,"column":7}},"23":{"start":{"line":24,"column":0},"end":{"line":24,"column":3}},"24":{"start":{"line":25,"column":0},"end":{"line":25,"column":2}},"25":{"start":{"line":26,"column":0},"end":{"line":26,"column":43}},"26":{"start":{"line":27,"column":0},"end":{"line":27,"column":7}},"27":{"start":{"line":28,"column":0},"end":{"line":28,"column":34}},"28":{"start":{"line":29,"column":0},"end":{"line":29,"column":45}},"29":{"start":{"line":30,"column":0},"end":{"line":30,"column":28}},"30":{"start":{"line":31,"column":0},"end":{"line":31,"column":77}},"31":{"start":{"line":32,"column":0},"end":{"line":32,"column":17}},"32":{"start":{"line":33,"column":0},"end":{"line":33,"column":33}},"33":{"start":{"line":34,"column":0},"end":{"line":34,"column":47}},"34":{"start":{"line":35,"column":0},"end":{"line":35,"column":7}},"35":{"start":{"line":36,"column":0},"end":{"line":36,"column":3}},"36":{"start":{"line":37,"column":0},"end":{"line":37,"column":2}},"37":{"start":{"line":38,"column":0},"end":{"line":38,"column":58}},"38":{"start":{"line":39,"column":0},"end":{"line":39,"column":7}},"39":{"start":{"line":40,"column":0},"end":{"line":40,"column":64}},"40":{"start":{"line":41,"column":0},"end":{"line":41,"column":14}},"41":{"start":{"line":42,"column":0},"end":{"line":42,"column":16}},"42":{"start":{"line":43,"column":0},"end":{"line":43,"column":6}},"43":{"start":{"line":44,"column":0},"end":{"line":44,"column":0}},"44":{"start":{"line":45,"column":0},"end":{"line":45,"column":17}},"45":{"start":{"line":46,"column":0},"end":{"line":46,"column":35}},"46":{"start":{"line":47,"column":0},"end":{"line":47,"column":61}},"47":{"start":{"line":48,"column":0},"end":{"line":48,"column":9}},"48":{"start":{"line":49,"column":0},"end":{"line":49,"column":26}},"49":{"start":{"line":50,"column":0},"end":{"line":50,"column":11}},"50":{"start":{"line":51,"column":0},"end":{"line":51,"column":17}},"51":{"start":{"line":52,"column":0},"end":{"line":52,"column":78}},"52":{"start":{"line":53,"column":0},"end":{"line":53,"column":3}},"53":{"start":{"line":54,"column":0},"end":{"line":54,"column":2}},"54":{"start":{"line":55,"column":0},"end":{"line":55,"column":43}},"55":{"start":{"line":56,"column":0},"end":{"line":56,"column":7}},"56":{"start":{"line":57,"column":0},"end":{"line":57,"column":37}},"57":{"start":{"line":58,"column":0},"end":{"line":58,"column":32}},"58":{"start":{"line":59,"column":0},"end":{"line":59,"column":54}},"59":{"start":{"line":60,"column":0},"end":{"line":60,"column":32}},"60":{"start":{"line":61,"column":0},"end":{"line":61,"column":40}},"61":{"start":{"line":62,"column":0},"end":{"line":62,"column":32}},"62":{"start":{"line":63,"column":0},"end":{"line":63,"column":36}},"63":{"start":{"line":64,"column":0},"end":{"line":64,"column":17}},"64":{"start":{"line":65,"column":0},"end":{"line":65,"column":78}},"65":{"start":{"line":66,"column":0},"end":{"line":66,"column":3}},"66":{"start":{"line":67,"column":0},"end":{"line":67,"column":2}},"67":{"start":{"line":68,"column":0},"end":{"line":68,"column":41}},"68":{"start":{"line":69,"column":0},"end":{"line":69,"column":31}},"69":{"start":{"line":70,"column":0},"end":{"line":70,"column":2}},"70":{"start":{"line":71,"column":0},"end":{"line":71,"column":44}},"71":{"start":{"line":72,"column":0},"end":{"line":72,"column":20}},"72":{"start":{"line":73,"column":0},"end":{"line":73,"column":69}},"73":{"start":{"line":74,"column":0},"end":{"line":74,"column":20}},"74":{"start":{"line":75,"column":0},"end":{"line":75,"column":75}},"75":{"start":{"line":76,"column":0},"end":{"line":76,"column":3}},"76":{"start":{"line":77,"column":0},"end":{"line":77,"column":9}},"77":{"start":{"line":78,"column":0},"end":{"line":78,"column":2}},"78":{"start":{"line":79,"column":0},"end":{"line":79,"column":43}},"79":{"start":{"line":80,"column":0},"end":{"line":80,"column":7}},"80":{"start":{"line":81,"column":0},"end":{"line":81,"column":76}},"81":{"start":{"line":82,"column":0},"end":{"line":82,"column":36}},"82":{"start":{"line":83,"column":0},"end":{"line":83,"column":17}},"83":{"start":{"line":84,"column":0},"end":{"line":84,"column":78}},"84":{"start":{"line":85,"column":0},"end":{"line":85,"column":3}},"85":{"start":{"line":86,"column":0},"end":{"line":86,"column":2}},"86":{"start":{"line":87,"column":0},"end":{"line":87,"column":58}},"87":{"start":{"line":88,"column":0},"end":{"line":88,"column":26}},"88":{"start":{"line":89,"column":0},"end":{"line":89,"column":27}},"89":{"start":{"line":90,"column":0},"end":{"line":90,"column":24}},"90":{"start":{"line":91,"column":0},"end":{"line":91,"column":37}},"91":{"start":{"line":92,"column":0},"end":{"line":92,"column":40}},"92":{"start":{"line":93,"column":0},"end":{"line":93,"column":32}},"93":{"start":{"line":94,"column":0},"end":{"line":94,"column":31}},"94":{"start":{"line":95,"column":0},"end":{"line":95,"column":27}},"95":{"start":{"line":96,"column":0},"end":{"line":96,"column":32}},"96":{"start":{"line":97,"column":0},"end":{"line":97,"column":0}},"97":{"start":{"line":98,"column":0},"end":{"line":98,"column":30}},"98":{"start":{"line":99,"column":0},"end":{"line":99,"column":43}},"99":{"start":{"line":100,"column":0},"end":{"line":100,"column":35}},"100":{"start":{"line":101,"column":0},"end":{"line":101,"column":0}},"101":{"start":{"line":102,"column":0},"end":{"line":102,"column":31}},"102":{"start":{"line":103,"column":0},"end":{"line":103,"column":45}},"103":{"start":{"line":104,"column":0},"end":{"line":104,"column":36}},"104":{"start":{"line":105,"column":0},"end":{"line":105,"column":47}},"105":{"start":{"line":106,"column":0},"end":{"line":106,"column":36}},"106":{"start":{"line":107,"column":0},"end":{"line":107,"column":0}},"107":{"start":{"line":108,"column":0},"end":{"line":108,"column":64}},"108":{"start":{"line":109,"column":0},"end":{"line":109,"column":38}},"109":{"start":{"line":110,"column":0},"end":{"line":110,"column":30}},"110":{"start":{"line":111,"column":0},"end":{"line":111,"column":36}},"111":{"start":{"line":112,"column":0},"end":{"line":112,"column":37}},"112":{"start":{"line":113,"column":0},"end":{"line":113,"column":26}},"113":{"start":{"line":114,"column":0},"end":{"line":114,"column":7}},"114":{"start":{"line":115,"column":0},"end":{"line":115,"column":50}},"115":{"start":{"line":116,"column":0},"end":{"line":116,"column":7}},"116":{"start":{"line":117,"column":0},"end":{"line":117,"column":17}},"117":{"start":{"line":118,"column":0},"end":{"line":118,"column":18}},"118":{"start":{"line":119,"column":0},"end":{"line":119,"column":13}},"119":{"start":{"line":120,"column":0},"end":{"line":120,"column":23}},"120":{"start":{"line":121,"column":0},"end":{"line":121,"column":61}},"121":{"start":{"line":122,"column":0},"end":{"line":122,"column":65}},"122":{"start":{"line":123,"column":0},"end":{"line":123,"column":16}},"123":{"start":{"line":124,"column":0},"end":{"line":124,"column":14}},"124":{"start":{"line":125,"column":0},"end":{"line":125,"column":13}},"125":{"start":{"line":126,"column":0},"end":{"line":126,"column":79}},"126":{"start":{"line":127,"column":0},"end":{"line":127,"column":14}},"127":{"start":{"line":128,"column":0},"end":{"line":128,"column":12}},"128":{"start":{"line":129,"column":0},"end":{"line":129,"column":18}},"129":{"start":{"line":130,"column":0},"end":{"line":130,"column":13}},"130":{"start":{"line":131,"column":0},"end":{"line":131,"column":23}},"131":{"start":{"line":132,"column":0},"end":{"line":132,"column":59}},"132":{"start":{"line":133,"column":0},"end":{"line":133,"column":65}},"133":{"start":{"line":134,"column":0},"end":{"line":134,"column":16}},"134":{"start":{"line":135,"column":0},"end":{"line":135,"column":14}},"135":{"start":{"line":136,"column":0},"end":{"line":136,"column":13}},"136":{"start":{"line":137,"column":0},"end":{"line":137,"column":72}},"137":{"start":{"line":138,"column":0},"end":{"line":138,"column":14}},"138":{"start":{"line":139,"column":0},"end":{"line":139,"column":12}},"139":{"start":{"line":140,"column":0},"end":{"line":140,"column":22}},"140":{"start":{"line":141,"column":0},"end":{"line":141,"column":13}},"141":{"start":{"line":142,"column":0},"end":{"line":142,"column":23}},"142":{"start":{"line":143,"column":0},"end":{"line":143,"column":60}},"143":{"start":{"line":144,"column":0},"end":{"line":144,"column":65}},"144":{"start":{"line":145,"column":0},"end":{"line":145,"column":16}},"145":{"start":{"line":146,"column":0},"end":{"line":146,"column":14}},"146":{"start":{"line":147,"column":0},"end":{"line":147,"column":13}},"147":{"start":{"line":148,"column":0},"end":{"line":148,"column":23}},"148":{"start":{"line":149,"column":0},"end":{"line":149,"column":33}},"149":{"start":{"line":150,"column":0},"end":{"line":150,"column":48}},"150":{"start":{"line":151,"column":0},"end":{"line":151,"column":16}},"151":{"start":{"line":152,"column":0},"end":{"line":152,"column":14}},"152":{"start":{"line":153,"column":0},"end":{"line":153,"column":12}},"153":{"start":{"line":154,"column":0},"end":{"line":154,"column":10}},"154":{"start":{"line":155,"column":0},"end":{"line":155,"column":8}},"155":{"start":{"line":156,"column":0},"end":{"line":156,"column":7}},"156":{"start":{"line":157,"column":0},"end":{"line":157,"column":51}},"157":{"start":{"line":158,"column":0},"end":{"line":158,"column":20}},"158":{"start":{"line":159,"column":0},"end":{"line":159,"column":40}},"159":{"start":{"line":160,"column":0},"end":{"line":160,"column":40}},"160":{"start":{"line":161,"column":0},"end":{"line":161,"column":48}},"161":{"start":{"line":162,"column":0},"end":{"line":162,"column":6}},"162":{"start":{"line":163,"column":0},"end":{"line":163,"column":60}},"163":{"start":{"line":164,"column":0},"end":{"line":164,"column":40}},"164":{"start":{"line":165,"column":0},"end":{"line":165,"column":17}},"165":{"start":{"line":166,"column":0},"end":{"line":166,"column":78}},"166":{"start":{"line":167,"column":0},"end":{"line":167,"column":3}},"167":{"start":{"line":168,"column":0},"end":{"line":168,"column":2}},"168":{"start":{"line":169,"column":0},"end":{"line":169,"column":54}},"169":{"start":{"line":170,"column":0},"end":{"line":170,"column":26}},"170":{"start":{"line":171,"column":0},"end":{"line":171,"column":27}},"171":{"start":{"line":172,"column":0},"end":{"line":172,"column":24}},"172":{"start":{"line":173,"column":0},"end":{"line":173,"column":37}},"173":{"start":{"line":174,"column":0},"end":{"line":174,"column":40}},"174":{"start":{"line":175,"column":0},"end":{"line":175,"column":61}},"175":{"start":{"line":176,"column":0},"end":{"line":176,"column":29}},"176":{"start":{"line":177,"column":0},"end":{"line":177,"column":7}},"177":{"start":{"line":178,"column":0},"end":{"line":178,"column":45}},"178":{"start":{"line":179,"column":0},"end":{"line":179,"column":7}},"179":{"start":{"line":180,"column":0},"end":{"line":180,"column":17}},"180":{"start":{"line":181,"column":0},"end":{"line":181,"column":23}},"181":{"start":{"line":182,"column":0},"end":{"line":182,"column":27}},"182":{"start":{"line":183,"column":0},"end":{"line":183,"column":25}},"183":{"start":{"line":184,"column":0},"end":{"line":184,"column":12}},"184":{"start":{"line":185,"column":0},"end":{"line":185,"column":59}},"185":{"start":{"line":186,"column":0},"end":{"line":186,"column":10}},"186":{"start":{"line":187,"column":0},"end":{"line":187,"column":8}},"187":{"start":{"line":188,"column":0},"end":{"line":188,"column":7}},"188":{"start":{"line":189,"column":0},"end":{"line":189,"column":17}},"189":{"start":{"line":190,"column":0},"end":{"line":190,"column":41}},"190":{"start":{"line":191,"column":0},"end":{"line":191,"column":42}},"191":{"start":{"line":192,"column":0},"end":{"line":192,"column":44}},"192":{"start":{"line":193,"column":0},"end":{"line":193,"column":10}},"193":{"start":{"line":194,"column":0},"end":{"line":194,"column":8}},"194":{"start":{"line":195,"column":0},"end":{"line":195,"column":7}},"195":{"start":{"line":196,"column":0},"end":{"line":196,"column":19}},"196":{"start":{"line":197,"column":0},"end":{"line":197,"column":17}},"197":{"start":{"line":198,"column":0},"end":{"line":198,"column":36}},"198":{"start":{"line":199,"column":0},"end":{"line":199,"column":31}},"199":{"start":{"line":200,"column":0},"end":{"line":200,"column":35}},"200":{"start":{"line":201,"column":0},"end":{"line":201,"column":10}},"201":{"start":{"line":202,"column":0},"end":{"line":202,"column":8}},"202":{"start":{"line":203,"column":0},"end":{"line":203,"column":7}},"203":{"start":{"line":204,"column":0},"end":{"line":204,"column":34}},"204":{"start":{"line":205,"column":0},"end":{"line":205,"column":17}},"205":{"start":{"line":206,"column":0},"end":{"line":206,"column":21}},"206":{"start":{"line":207,"column":0},"end":{"line":207,"column":71}},"207":{"start":{"line":208,"column":0},"end":{"line":208,"column":3}},"208":{"start":{"line":209,"column":0},"end":{"line":209,"column":2}},"209":{"start":{"line":210,"column":0},"end":{"line":210,"column":49}},"210":{"start":{"line":211,"column":0},"end":{"line":211,"column":26}},"211":{"start":{"line":212,"column":0},"end":{"line":212,"column":27}},"212":{"start":{"line":213,"column":0},"end":{"line":213,"column":24}},"213":{"start":{"line":214,"column":0},"end":{"line":214,"column":33}},"214":{"start":{"line":215,"column":0},"end":{"line":215,"column":28}},"215":{"start":{"line":216,"column":0},"end":{"line":216,"column":37}},"216":{"start":{"line":217,"column":0},"end":{"line":217,"column":40}},"217":{"start":{"line":218,"column":0},"end":{"line":218,"column":7}},"218":{"start":{"line":219,"column":0},"end":{"line":219,"column":46}},"219":{"start":{"line":220,"column":0},"end":{"line":220,"column":7}},"220":{"start":{"line":221,"column":0},"end":{"line":221,"column":17}},"221":{"start":{"line":222,"column":0},"end":{"line":222,"column":23}},"222":{"start":{"line":223,"column":0},"end":{"line":223,"column":27}},"223":{"start":{"line":224,"column":0},"end":{"line":224,"column":25}},"224":{"start":{"line":225,"column":0},"end":{"line":225,"column":12}},"225":{"start":{"line":226,"column":0},"end":{"line":226,"column":59}},"226":{"start":{"line":227,"column":0},"end":{"line":227,"column":10}},"227":{"start":{"line":228,"column":0},"end":{"line":228,"column":8}},"228":{"start":{"line":229,"column":0},"end":{"line":229,"column":72}},"229":{"start":{"line":230,"column":0},"end":{"line":230,"column":7}},"230":{"start":{"line":231,"column":0},"end":{"line":231,"column":30}},"231":{"start":{"line":232,"column":0},"end":{"line":232,"column":17}},"232":{"start":{"line":233,"column":0},"end":{"line":233,"column":23}},"233":{"start":{"line":234,"column":0},"end":{"line":234,"column":71}},"234":{"start":{"line":235,"column":0},"end":{"line":235,"column":3}},"235":{"start":{"line":236,"column":0},"end":{"line":236,"column":2}},"236":{"start":{"line":237,"column":0},"end":{"line":237,"column":51}},"237":{"start":{"line":238,"column":0},"end":{"line":238,"column":7}},"238":{"start":{"line":239,"column":0},"end":{"line":239,"column":28}},"239":{"start":{"line":240,"column":0},"end":{"line":240,"column":29}},"240":{"start":{"line":241,"column":0},"end":{"line":241,"column":24}},"241":{"start":{"line":242,"column":0},"end":{"line":242,"column":39}},"242":{"start":{"line":243,"column":0},"end":{"line":243,"column":39}},"243":{"start":{"line":244,"column":0},"end":{"line":244,"column":44}},"244":{"start":{"line":245,"column":0},"end":{"line":245,"column":7}},"245":{"start":{"line":246,"column":0},"end":{"line":246,"column":17}},"246":{"start":{"line":247,"column":0},"end":{"line":247,"column":23}},"247":{"start":{"line":248,"column":0},"end":{"line":248,"column":27}},"248":{"start":{"line":249,"column":0},"end":{"line":249,"column":25}},"249":{"start":{"line":250,"column":0},"end":{"line":250,"column":12}},"250":{"start":{"line":251,"column":0},"end":{"line":251,"column":59}},"251":{"start":{"line":252,"column":0},"end":{"line":252,"column":10}},"252":{"start":{"line":253,"column":0},"end":{"line":253,"column":8}},"253":{"start":{"line":254,"column":0},"end":{"line":254,"column":7}},"254":{"start":{"line":255,"column":0},"end":{"line":255,"column":17}},"255":{"start":{"line":256,"column":0},"end":{"line":256,"column":16}},"256":{"start":{"line":257,"column":0},"end":{"line":257,"column":34}},"257":{"start":{"line":258,"column":0},"end":{"line":258,"column":12}},"258":{"start":{"line":259,"column":0},"end":{"line":259,"column":42}},"259":{"start":{"line":260,"column":0},"end":{"line":260,"column":10}},"260":{"start":{"line":261,"column":0},"end":{"line":261,"column":8}},"261":{"start":{"line":262,"column":0},"end":{"line":262,"column":7}},"262":{"start":{"line":263,"column":0},"end":{"line":263,"column":19}},"263":{"start":{"line":264,"column":0},"end":{"line":264,"column":20}},"264":{"start":{"line":265,"column":0},"end":{"line":265,"column":27}},"265":{"start":{"line":266,"column":0},"end":{"line":266,"column":10}},"266":{"start":{"line":267,"column":0},"end":{"line":267,"column":8}},"267":{"start":{"line":268,"column":0},"end":{"line":268,"column":7}},"268":{"start":{"line":269,"column":0},"end":{"line":269,"column":21}},"269":{"start":{"line":270,"column":0},"end":{"line":270,"column":17}},"270":{"start":{"line":271,"column":0},"end":{"line":271,"column":23}},"271":{"start":{"line":272,"column":0},"end":{"line":272,"column":71}},"272":{"start":{"line":273,"column":0},"end":{"line":273,"column":3}},"273":{"start":{"line":274,"column":0},"end":{"line":274,"column":2}},"274":{"start":{"line":275,"column":0},"end":{"line":275,"column":54}},"275":{"start":{"line":276,"column":0},"end":{"line":276,"column":7}},"276":{"start":{"line":277,"column":0},"end":{"line":277,"column":50}},"277":{"start":{"line":278,"column":0},"end":{"line":278,"column":48}},"278":{"start":{"line":279,"column":0},"end":{"line":279,"column":0}},"279":{"start":{"line":280,"column":0},"end":{"line":280,"column":44}},"280":{"start":{"line":281,"column":0},"end":{"line":281,"column":7}},"281":{"start":{"line":282,"column":0},"end":{"line":282,"column":17}},"282":{"start":{"line":283,"column":0},"end":{"line":283,"column":59}},"283":{"start":{"line":284,"column":0},"end":{"line":284,"column":23}},"284":{"start":{"line":285,"column":0},"end":{"line":285,"column":27}},"285":{"start":{"line":286,"column":0},"end":{"line":286,"column":26}},"286":{"start":{"line":287,"column":0},"end":{"line":287,"column":12}},"287":{"start":{"line":288,"column":0},"end":{"line":288,"column":10}},"288":{"start":{"line":289,"column":0},"end":{"line":289,"column":8}},"289":{"start":{"line":290,"column":0},"end":{"line":290,"column":7}},"290":{"start":{"line":291,"column":0},"end":{"line":291,"column":17}},"291":{"start":{"line":292,"column":0},"end":{"line":292,"column":41}},"292":{"start":{"line":293,"column":0},"end":{"line":293,"column":42}},"293":{"start":{"line":294,"column":0},"end":{"line":294,"column":10}},"294":{"start":{"line":295,"column":0},"end":{"line":295,"column":8}},"295":{"start":{"line":296,"column":0},"end":{"line":296,"column":7}},"296":{"start":{"line":297,"column":0},"end":{"line":297,"column":17}},"297":{"start":{"line":298,"column":0},"end":{"line":298,"column":31}},"298":{"start":{"line":299,"column":0},"end":{"line":299,"column":48}},"299":{"start":{"line":300,"column":0},"end":{"line":300,"column":10}},"300":{"start":{"line":301,"column":0},"end":{"line":301,"column":8}},"301":{"start":{"line":302,"column":0},"end":{"line":302,"column":7}},"302":{"start":{"line":303,"column":0},"end":{"line":303,"column":19}},"303":{"start":{"line":304,"column":0},"end":{"line":304,"column":20}},"304":{"start":{"line":305,"column":0},"end":{"line":305,"column":29}},"305":{"start":{"line":306,"column":0},"end":{"line":306,"column":10}},"306":{"start":{"line":307,"column":0},"end":{"line":307,"column":8}},"307":{"start":{"line":308,"column":0},"end":{"line":308,"column":7}},"308":{"start":{"line":309,"column":0},"end":{"line":309,"column":21}},"309":{"start":{"line":310,"column":0},"end":{"line":310,"column":17}},"310":{"start":{"line":311,"column":0},"end":{"line":311,"column":23}},"311":{"start":{"line":312,"column":0},"end":{"line":312,"column":71}},"312":{"start":{"line":313,"column":0},"end":{"line":313,"column":6}},"313":{"start":{"line":314,"column":0},"end":{"line":314,"column":3}},"314":{"start":{"line":315,"column":0},"end":{"line":315,"column":2}}},"s":{"0":1,"1":0,"2":1,"3":1,"4":1,"5":1,"6":1,"7":1,"8":1,"9":1,"10":1,"11":1,"12":1,"13":1,"14":1,"15":1,"16":1,"17":1,"18":1,"19":0,"20":0,"21":0,"22":0,"23":1,"24":1,"25":1,"26":1,"27":1,"28":1,"29":1,"30":1,"31":0,"32":0,"33":0,"34":0,"35":1,"36":1,"37":1,"38":6,"39":6,"40":6,"41":6,"42":6,"43":6,"44":6,"45":0,"46":0,"47":0,"48":6,"49":6,"50":0,"51":0,"52":1,"53":1,"54":1,"55":1,"56":1,"57":1,"58":1,"59":1,"60":1,"61":1,"62":1,"63":0,"64":0,"65":1,"66":1,"67":1,"68":1,"69":1,"70":1,"71":3,"72":3,"73":3,"74":0,"75":0,"76":3,"77":3,"78":1,"79":1,"80":1,"81":1,"82":0,"83":0,"84":1,"85":1,"86":1,"87":0,"88":0,"89":0,"90":0,"91":0,"92":0,"93":0,"94":0,"95":0,"96":0,"97":0,"98":0,"99":0,"100":0,"101":0,"102":0,"103":0,"104":0,"105":0,"106":0,"107":0,"108":0,"109":0,"110":0,"111":0,"112":0,"113":0,"114":0,"115":0,"116":0,"117":0,"118":0,"119":0,"120":0,"121":0,"122":0,"123":0,"124":0,"125":0,"126":0,"127":0,"128":0,"129":0,"130":0,"131":0,"132":0,"133":0,"134":0,"135":0,"136":0,"137":0,"138":0,"139":0,"140":0,"141":0,"142":0,"143":0,"144":0,"145":0,"146":0,"147":0,"148":0,"149":0,"150":0,"151":0,"152":0,"153":0,"154":0,"155":0,"156":0,"157":0,"158":0,"159":0,"160":0,"161":0,"162":0,"163":0,"164":0,"165":0,"166":1,"167":1,"168":1,"169":0,"170":0,"171":0,"172":0,"173":0,"174":0,"175":0,"176":0,"177":0,"178":0,"179":0,"180":0,"181":0,"182":0,"183":0,"184":0,"185":0,"186":0,"187":0,"188":0,"189":0,"190":0,"191":0,"192":0,"193":0,"194":0,"195":0,"196":0,"197":0,"198":0,"199":0,"200":0,"201":0,"202":0,"203":0,"204":0,"205":0,"206":0,"207":1,"208":1,"209":1,"210":0,"211":0,"212":0,"213":0,"214":0,"215":0,"216":0,"217":0,"218":0,"219":0,"220":0,"221":0,"222":0,"223":0,"224":0,"225":0,"226":0,"227":0,"228":0,"229":0,"230":0,"231":0,"232":0,"233":0,"234":1,"235":1,"236":1,"237":0,"238":0,"239":0,"240":0,"241":0,"242":0,"243":0,"244":0,"245":0,"246":0,"247":0,"248":0,"249":0,"250":0,"251":0,"252":0,"253":0,"254":0,"255":0,"256":0,"257":0,"258":0,"259":0,"260":0,"261":0,"262":0,"263":0,"264":0,"265":0,"266":0,"267":0,"268":0,"269":0,"270":0,"271":0,"272":1,"273":1,"274":1,"275":0,"276":0,"277":0,"278":0,"279":0,"280":0,"281":0,"282":0,"283":0,"284":0,"285":0,"286":0,"287":0,"288":0,"289":0,"290":0,"291":0,"292":0,"293":0,"294":0,"295":0,"296":0,"297":0,"298":0,"299":0,"300":0,"301":0,"302":0,"303":0,"304":0,"305":0,"306":0,"307":0,"308":0,"309":0,"310":0,"311":0,"312":0,"313":1,"314":1},"branchMap":{"0":{"type":"branch","line":2,"loc":{"start":{"line":2,"column":0},"end":{"line":2,"column":53}},"locations":[{"start":{"line":2,"column":0},"end":{"line":2,"column":53}}]},"1":{"type":"branch","line":2,"loc":{"start":{"line":2,"column":0},"end":{"line":2,"column":53}},"locations":[{"start":{"line":2,"column":0},"end":{"line":2,"column":53}}]},"2":{"type":"branch","line":2,"loc":{"start":{"line":2,"column":0},"end":{"line":2,"column":53}},"locations":[{"start":{"line":2,"column":0},"end":{"line":2,"column":53}}]},"3":{"type":"branch","line":2,"loc":{"start":{"line":2,"column":0},"end":{"line":2,"column":53}},"locations":[{"start":{"line":2,"column":0},"end":{"line":2,"column":53}}]},"4":{"type":"branch","line":2,"loc":{"start":{"line":2,"column":0},"end":{"line":2,"column":53}},"locations":[{"start":{"line":2,"column":0},"end":{"line":2,"column":53}}]},"5":{"type":"branch","line":2,"loc":{"start":{"line":2,"column":0},"end":{"line":2,"column":53}},"locations":[{"start":{"line":2,"column":0},"end":{"line":2,"column":53}}]},"6":{"type":"branch","line":2,"loc":{"start":{"line":2,"column":0},"end":{"line":2,"column":53}},"locations":[{"start":{"line":2,"column":0},"end":{"line":2,"column":53}}]},"7":{"type":"branch","line":2,"loc":{"start":{"line":2,"column":0},"end":{"line":2,"column":53}},"locations":[{"start":{"line":2,"column":0},"end":{"line":2,"column":53}}]},"8":{"type":"branch","line":5,"loc":{"start":{"line":5,"column":23},"end":{"line":5,"column":26}},"locations":[{"start":{"line":5,"column":23},"end":{"line":5,"column":26}}]},"9":{"type":"branch","line":5,"loc":{"start":{"line":5,"column":26},"end":{"line":23,"column":7}},"locations":[{"start":{"line":5,"column":26},"end":{"line":23,"column":7}}]},"10":{"type":"branch","line":5,"loc":{"start":{"line":5,"column":41},"end":{"line":23,"column":7}},"locations":[{"start":{"line":5,"column":41},"end":{"line":23,"column":7}}]},"11":{"type":"branch","line":5,"loc":{"start":{"line":5,"column":41},"end":{"line":18,"column":37}},"locations":[{"start":{"line":5,"column":41},"end":{"line":18,"column":37}}]},"12":{"type":"branch","line":18,"loc":{"start":{"line":18,"column":36},"end":{"line":19,"column":30}},"locations":[{"start":{"line":18,"column":36},"end":{"line":19,"column":30}}]},"13":{"type":"branch","line":19,"loc":{"start":{"line":19,"column":29},"end":{"line":23,"column":7}},"locations":[{"start":{"line":19,"column":29},"end":{"line":23,"column":7}}]},"14":{"type":"branch","line":23,"loc":{"start":{"line":23,"column":6},"end":{"line":23,"column":7}},"locations":[{"start":{"line":23,"column":6},"end":{"line":23,"column":7}}]},"15":{"type":"branch","line":23,"loc":{"start":{"line":23,"column":6},"end":{"line":23,"column":7}},"locations":[{"start":{"line":23,"column":6},"end":{"line":23,"column":7}}]},"16":{"type":"branch","line":26,"loc":{"start":{"line":26,"column":19},"end":{"line":26,"column":22}},"locations":[{"start":{"line":26,"column":19},"end":{"line":26,"column":22}}]},"17":{"type":"branch","line":26,"loc":{"start":{"line":26,"column":22},"end":{"line":35,"column":7}},"locations":[{"start":{"line":26,"column":22},"end":{"line":35,"column":7}}]},"18":{"type":"branch","line":26,"loc":{"start":{"line":26,"column":37},"end":{"line":35,"column":7}},"locations":[{"start":{"line":26,"column":37},"end":{"line":35,"column":7}}]},"19":{"type":"branch","line":26,"loc":{"start":{"line":26,"column":37},"end":{"line":30,"column":28}},"locations":[{"start":{"line":26,"column":37},"end":{"line":30,"column":28}}]},"20":{"type":"branch","line":30,"loc":{"start":{"line":30,"column":27},"end":{"line":31,"column":77}},"locations":[{"start":{"line":30,"column":27},"end":{"line":31,"column":77}}]},"21":{"type":"branch","line":31,"loc":{"start":{"line":31,"column":76},"end":{"line":35,"column":7}},"locations":[{"start":{"line":31,"column":76},"end":{"line":35,"column":7}}]},"22":{"type":"branch","line":35,"loc":{"start":{"line":35,"column":6},"end":{"line":35,"column":7}},"locations":[{"start":{"line":35,"column":6},"end":{"line":35,"column":7}}]},"23":{"type":"branch","line":35,"loc":{"start":{"line":35,"column":6},"end":{"line":35,"column":7}},"locations":[{"start":{"line":35,"column":6},"end":{"line":35,"column":7}}]},"24":{"type":"branch","line":38,"loc":{"start":{"line":38,"column":24},"end":{"line":38,"column":27}},"locations":[{"start":{"line":38,"column":24},"end":{"line":38,"column":27}}]},"25":{"type":"branch","line":38,"loc":{"start":{"line":38,"column":27},"end":{"line":52,"column":78}},"locations":[{"start":{"line":38,"column":27},"end":{"line":52,"column":78}}]},"26":{"type":"branch","line":38,"loc":{"start":{"line":38,"column":52},"end":{"line":52,"column":78}},"locations":[{"start":{"line":38,"column":52},"end":{"line":52,"column":78}}]},"27":{"type":"branch","line":38,"loc":{"start":{"line":38,"column":52},"end":{"line":52,"column":78}},"locations":[{"start":{"line":38,"column":52},"end":{"line":52,"column":78}}]},"28":{"type":"branch","line":38,"loc":{"start":{"line":38,"column":52},"end":{"line":43,"column":6}},"locations":[{"start":{"line":38,"column":52},"end":{"line":43,"column":6}}]},"29":{"type":"branch","line":43,"loc":{"start":{"line":43,"column":5},"end":{"line":48,"column":9}},"locations":[{"start":{"line":43,"column":5},"end":{"line":48,"column":9}}]},"30":{"type":"branch","line":45,"loc":{"start":{"line":45,"column":16},"end":{"line":48,"column":9}},"locations":[{"start":{"line":45,"column":16},"end":{"line":48,"column":9}}]},"31":{"type":"branch","line":48,"loc":{"start":{"line":48,"column":8},"end":{"line":50,"column":11}},"locations":[{"start":{"line":48,"column":8},"end":{"line":50,"column":11}}]},"32":{"type":"branch","line":51,"loc":{"start":{"line":51,"column":-1},"end":{"line":52,"column":78}},"locations":[{"start":{"line":51,"column":-1},"end":{"line":52,"column":78}}]},"33":{"type":"branch","line":52,"loc":{"start":{"line":52,"column":77},"end":{"line":52,"column":78}},"locations":[{"start":{"line":52,"column":77},"end":{"line":52,"column":78}}]},"34":{"type":"branch","line":52,"loc":{"start":{"line":52,"column":77},"end":{"line":52,"column":78}},"locations":[{"start":{"line":52,"column":77},"end":{"line":52,"column":78}}]},"35":{"type":"branch","line":55,"loc":{"start":{"line":55,"column":19},"end":{"line":55,"column":22}},"locations":[{"start":{"line":55,"column":19},"end":{"line":55,"column":22}}]},"36":{"type":"branch","line":55,"loc":{"start":{"line":55,"column":22},"end":{"line":65,"column":78}},"locations":[{"start":{"line":55,"column":22},"end":{"line":65,"column":78}}]},"37":{"type":"branch","line":55,"loc":{"start":{"line":55,"column":37},"end":{"line":65,"column":78}},"locations":[{"start":{"line":55,"column":37},"end":{"line":65,"column":78}}]},"38":{"type":"branch","line":55,"loc":{"start":{"line":55,"column":37},"end":{"line":62,"column":32}},"locations":[{"start":{"line":55,"column":37},"end":{"line":62,"column":32}}]},"39":{"type":"branch","line":62,"loc":{"start":{"line":62,"column":31},"end":{"line":63,"column":36}},"locations":[{"start":{"line":62,"column":31},"end":{"line":63,"column":36}}]},"40":{"type":"branch","line":63,"loc":{"start":{"line":63,"column":35},"end":{"line":65,"column":78}},"locations":[{"start":{"line":63,"column":35},"end":{"line":65,"column":78}}]},"41":{"type":"branch","line":65,"loc":{"start":{"line":65,"column":77},"end":{"line":65,"column":78}},"locations":[{"start":{"line":65,"column":77},"end":{"line":65,"column":78}}]},"42":{"type":"branch","line":65,"loc":{"start":{"line":65,"column":77},"end":{"line":65,"column":78}},"locations":[{"start":{"line":65,"column":77},"end":{"line":65,"column":78}}]},"43":{"type":"branch","line":68,"loc":{"start":{"line":68,"column":17},"end":{"line":68,"column":20}},"locations":[{"start":{"line":68,"column":17},"end":{"line":68,"column":20}}]},"44":{"type":"branch","line":68,"loc":{"start":{"line":68,"column":20},"end":{"line":69,"column":31}},"locations":[{"start":{"line":68,"column":20},"end":{"line":69,"column":31}}]},"45":{"type":"branch","line":68,"loc":{"start":{"line":68,"column":35},"end":{"line":69,"column":31}},"locations":[{"start":{"line":68,"column":35},"end":{"line":69,"column":31}}]},"46":{"type":"branch","line":68,"loc":{"start":{"line":68,"column":35},"end":{"line":69,"column":31}},"locations":[{"start":{"line":68,"column":35},"end":{"line":69,"column":31}}]},"47":{"type":"branch","line":69,"loc":{"start":{"line":69,"column":30},"end":{"line":69,"column":31}},"locations":[{"start":{"line":69,"column":30},"end":{"line":69,"column":31}}]},"48":{"type":"branch","line":69,"loc":{"start":{"line":69,"column":30},"end":{"line":69,"column":31}},"locations":[{"start":{"line":69,"column":30},"end":{"line":69,"column":31}}]},"49":{"type":"branch","line":71,"loc":{"start":{"line":71,"column":23},"end":{"line":78,"column":2}},"locations":[{"start":{"line":71,"column":23},"end":{"line":78,"column":2}}]},"50":{"type":"branch","line":74,"loc":{"start":{"line":74,"column":19},"end":{"line":76,"column":3}},"locations":[{"start":{"line":74,"column":19},"end":{"line":76,"column":3}}]},"51":{"type":"branch","line":79,"loc":{"start":{"line":79,"column":19},"end":{"line":79,"column":22}},"locations":[{"start":{"line":79,"column":19},"end":{"line":79,"column":22}}]},"52":{"type":"branch","line":79,"loc":{"start":{"line":79,"column":22},"end":{"line":84,"column":78}},"locations":[{"start":{"line":79,"column":22},"end":{"line":84,"column":78}}]},"53":{"type":"branch","line":79,"loc":{"start":{"line":79,"column":37},"end":{"line":84,"column":78}},"locations":[{"start":{"line":79,"column":37},"end":{"line":84,"column":78}}]},"54":{"type":"branch","line":79,"loc":{"start":{"line":79,"column":37},"end":{"line":81,"column":76}},"locations":[{"start":{"line":79,"column":37},"end":{"line":81,"column":76}}]},"55":{"type":"branch","line":81,"loc":{"start":{"line":81,"column":75},"end":{"line":82,"column":36}},"locations":[{"start":{"line":81,"column":75},"end":{"line":82,"column":36}}]},"56":{"type":"branch","line":82,"loc":{"start":{"line":82,"column":35},"end":{"line":84,"column":78}},"locations":[{"start":{"line":82,"column":35},"end":{"line":84,"column":78}}]},"57":{"type":"branch","line":84,"loc":{"start":{"line":84,"column":77},"end":{"line":84,"column":78}},"locations":[{"start":{"line":84,"column":77},"end":{"line":84,"column":78}}]},"58":{"type":"branch","line":84,"loc":{"start":{"line":84,"column":77},"end":{"line":84,"column":78}},"locations":[{"start":{"line":84,"column":77},"end":{"line":84,"column":78}}]},"59":{"type":"branch","line":87,"loc":{"start":{"line":87,"column":34},"end":{"line":87,"column":37}},"locations":[{"start":{"line":87,"column":34},"end":{"line":87,"column":37}}]},"60":{"type":"branch","line":169,"loc":{"start":{"line":169,"column":30},"end":{"line":169,"column":33}},"locations":[{"start":{"line":169,"column":30},"end":{"line":169,"column":33}}]},"61":{"type":"branch","line":210,"loc":{"start":{"line":210,"column":25},"end":{"line":210,"column":28}},"locations":[{"start":{"line":210,"column":25},"end":{"line":210,"column":28}}]},"62":{"type":"branch","line":237,"loc":{"start":{"line":237,"column":27},"end":{"line":237,"column":30}},"locations":[{"start":{"line":237,"column":27},"end":{"line":237,"column":30}}]},"63":{"type":"branch","line":275,"loc":{"start":{"line":275,"column":30},"end":{"line":275,"column":33}},"locations":[{"start":{"line":275,"column":30},"end":{"line":275,"column":33}}]}},"b":{"0":[21],"1":[0],"2":[11],"3":[10],"4":[44],"5":[11],"6":[11],"7":[21],"8":[4],"9":[1],"10":[3],"11":[1],"12":[1],"13":[0],"14":[0],"15":[1],"16":[4],"17":[1],"18":[3],"19":[1],"20":[1],"21":[0],"22":[0],"23":[1],"24":[4],"25":[6],"26":[12],"27":[24],"28":[6],"29":[6],"30":[0],"31":[6],"32":[0],"33":[6],"34":[6],"35":[4],"36":[1],"37":[3],"38":[1],"39":[1],"40":[0],"41":[0],"42":[1],"43":[4],"44":[1],"45":[2],"46":[1],"47":[0],"48":[1],"49":[3],"50":[0],"51":[4],"52":[1],"53":[3],"54":[1],"55":[1],"56":[0],"57":[0],"58":[1],"59":[4],"60":[4],"61":[4],"62":[4],"63":[4]},"fnMap":{"0":{"name":"asyncGeneratorStep","decl":{"start":{"line":2,"column":0},"end":{"line":2,"column":53}},"loc":{"start":{"line":2,"column":0},"end":{"line":2,"column":53}},"line":2},"1":{"name":"_asyncToGenerator","decl":{"start":{"line":2,"column":0},"end":{"line":2,"column":53}},"loc":{"start":{"line":2,"column":0},"end":{"line":2,"column":53}},"line":2},"2":{"name":"_next","decl":{"start":{"line":2,"column":0},"end":{"line":2,"column":53}},"loc":{"start":{"line":2,"column":0},"end":{"line":2,"column":53}},"line":2},"3":{"name":"_throw","decl":{"start":{"line":2,"column":0},"end":{"line":2,"column":53}},"loc":{"start":{"line":2,"column":0},"end":{"line":2,"column":53}},"line":2},"4":{"name":"_callee","decl":{"start":{"line":5,"column":26},"end":{"line":23,"column":7}},"loc":{"start":{"line":5,"column":26},"end":{"line":23,"column":7}},"line":5},"5":{"name":"_callee$","decl":{"start":{"line":5,"column":41},"end":{"line":23,"column":7}},"loc":{"start":{"line":5,"column":41},"end":{"line":23,"column":7}},"line":5},"6":{"name":"_callee2","decl":{"start":{"line":26,"column":22},"end":{"line":35,"column":7}},"loc":{"start":{"line":26,"column":22},"end":{"line":35,"column":7}},"line":26},"7":{"name":"_callee2$","decl":{"start":{"line":26,"column":37},"end":{"line":35,"column":7}},"loc":{"start":{"line":26,"column":37},"end":{"line":35,"column":7}},"line":26},"8":{"name":"_callee3","decl":{"start":{"line":38,"column":27},"end":{"line":52,"column":78}},"loc":{"start":{"line":38,"column":27},"end":{"line":52,"column":78}},"line":38},"9":{"name":"_callee3$","decl":{"start":{"line":38,"column":52},"end":{"line":52,"column":78}},"loc":{"start":{"line":38,"column":52},"end":{"line":52,"column":78}},"line":38},"10":{"name":"_callee4","decl":{"start":{"line":55,"column":22},"end":{"line":65,"column":78}},"loc":{"start":{"line":55,"column":22},"end":{"line":65,"column":78}},"line":55},"11":{"name":"_callee4$","decl":{"start":{"line":55,"column":37},"end":{"line":65,"column":78}},"loc":{"start":{"line":55,"column":37},"end":{"line":65,"column":78}},"line":55},"12":{"name":"_callee5","decl":{"start":{"line":68,"column":20},"end":{"line":69,"column":31}},"loc":{"start":{"line":68,"column":20},"end":{"line":69,"column":31}},"line":68},"13":{"name":"_callee5$","decl":{"start":{"line":68,"column":35},"end":{"line":69,"column":31}},"loc":{"start":{"line":68,"column":35},"end":{"line":69,"column":31}},"line":68},"14":{"name":"isOwner","decl":{"start":{"line":71,"column":23},"end":{"line":78,"column":2}},"loc":{"start":{"line":71,"column":23},"end":{"line":78,"column":2}},"line":71},"15":{"name":"_callee6","decl":{"start":{"line":79,"column":22},"end":{"line":84,"column":78}},"loc":{"start":{"line":79,"column":22},"end":{"line":84,"column":78}},"line":79},"16":{"name":"_callee6$","decl":{"start":{"line":79,"column":37},"end":{"line":84,"column":78}},"loc":{"start":{"line":79,"column":37},"end":{"line":84,"column":78}},"line":79},"17":{"name":"_callee7","decl":{"start":{"line":87,"column":37},"end":{"line":166,"column":78}},"loc":{"start":{"line":87,"column":37},"end":{"line":166,"column":78}},"line":87},"18":{"name":"_callee8","decl":{"start":{"line":169,"column":33},"end":{"line":207,"column":71}},"loc":{"start":{"line":169,"column":33},"end":{"line":207,"column":71}},"line":169},"19":{"name":"_callee9","decl":{"start":{"line":210,"column":28},"end":{"line":234,"column":71}},"loc":{"start":{"line":210,"column":28},"end":{"line":234,"column":71}},"line":210},"20":{"name":"_callee10","decl":{"start":{"line":237,"column":30},"end":{"line":272,"column":71}},"loc":{"start":{"line":237,"column":30},"end":{"line":272,"column":71}},"line":237},"21":{"name":"_callee11","decl":{"start":{"line":275,"column":33},"end":{"line":313,"column":6}},"loc":{"start":{"line":275,"column":33},"end":{"line":313,"column":6}},"line":275}},"f":{"0":21,"1":44,"2":21,"3":0,"4":1,"5":3,"6":1,"7":3,"8":6,"9":12,"10":1,"11":3,"12":1,"13":2,"14":3,"15":1,"16":3,"17":0,"18":0,"19":0,"20":0,"21":0}}
,"/home/rawda/Dev/loop-expenses/backend/src/controllers/user.controller.js": {"path":"/home/rawda/Dev/loop-expenses/backend/src/controllers/user.controller.js","all":false,"statementMap":{"0":{"start":{"line":1,"column":0},"end":{"line":1,"column":40}},"1":{"start":{"line":2,"column":0},"end":{"line":2,"column":35}},"2":{"start":{"line":3,"column":0},"end":{"line":3,"column":53}},"3":{"start":{"line":4,"column":0},"end":{"line":4,"column":36}},"4":{"start":{"line":5,"column":0},"end":{"line":5,"column":20}},"5":{"start":{"line":6,"column":0},"end":{"line":6,"column":0}},"6":{"start":{"line":7,"column":0},"end":{"line":7,"column":43}},"7":{"start":{"line":8,"column":0},"end":{"line":8,"column":7}},"8":{"start":{"line":9,"column":0},"end":{"line":9,"column":31}},"9":{"start":{"line":10,"column":0},"end":{"line":10,"column":45}},"10":{"start":{"line":11,"column":0},"end":{"line":11,"column":77}},"11":{"start":{"line":12,"column":0},"end":{"line":12,"column":30}},"12":{"start":{"line":13,"column":0},"end":{"line":13,"column":22}},"13":{"start":{"line":14,"column":0},"end":{"line":14,"column":71}},"14":{"start":{"line":15,"column":0},"end":{"line":15,"column":17}},"15":{"start":{"line":16,"column":0},"end":{"line":16,"column":33}},"16":{"start":{"line":17,"column":0},"end":{"line":17,"column":47}},"17":{"start":{"line":18,"column":0},"end":{"line":18,"column":7}},"18":{"start":{"line":19,"column":0},"end":{"line":19,"column":3}},"19":{"start":{"line":20,"column":0},"end":{"line":20,"column":2}},"20":{"start":{"line":21,"column":0},"end":{"line":21,"column":41}},"21":{"start":{"line":22,"column":0},"end":{"line":22,"column":7}},"22":{"start":{"line":23,"column":0},"end":{"line":23,"column":67}},"23":{"start":{"line":24,"column":0},"end":{"line":24,"column":20}},"24":{"start":{"line":25,"column":0},"end":{"line":25,"column":17}},"25":{"start":{"line":26,"column":0},"end":{"line":26,"column":33}},"26":{"start":{"line":27,"column":0},"end":{"line":27,"column":47}},"27":{"start":{"line":28,"column":0},"end":{"line":28,"column":7}},"28":{"start":{"line":29,"column":0},"end":{"line":29,"column":3}},"29":{"start":{"line":30,"column":0},"end":{"line":30,"column":2}},"30":{"start":{"line":31,"column":0},"end":{"line":31,"column":55}},"31":{"start":{"line":32,"column":0},"end":{"line":32,"column":7}},"32":{"start":{"line":33,"column":0},"end":{"line":33,"column":48}},"33":{"start":{"line":34,"column":0},"end":{"line":34,"column":14}},"34":{"start":{"line":35,"column":0},"end":{"line":35,"column":35}},"35":{"start":{"line":36,"column":0},"end":{"line":36,"column":32}},"36":{"start":{"line":37,"column":0},"end":{"line":37,"column":9}},"37":{"start":{"line":38,"column":0},"end":{"line":38,"column":36}},"38":{"start":{"line":39,"column":0},"end":{"line":39,"column":26}},"39":{"start":{"line":40,"column":0},"end":{"line":40,"column":23}},"40":{"start":{"line":41,"column":0},"end":{"line":41,"column":11}},"41":{"start":{"line":42,"column":0},"end":{"line":42,"column":17}},"42":{"start":{"line":43,"column":0},"end":{"line":43,"column":33}},"43":{"start":{"line":44,"column":0},"end":{"line":44,"column":39}},"44":{"start":{"line":45,"column":0},"end":{"line":45,"column":7}},"45":{"start":{"line":46,"column":0},"end":{"line":46,"column":3}},"46":{"start":{"line":47,"column":0},"end":{"line":47,"column":2}},"47":{"start":{"line":48,"column":0},"end":{"line":48,"column":35}},"48":{"start":{"line":49,"column":0},"end":{"line":49,"column":41}},"49":{"start":{"line":50,"column":0},"end":{"line":50,"column":31}},"50":{"start":{"line":51,"column":0},"end":{"line":51,"column":32}},"51":{"start":{"line":52,"column":0},"end":{"line":52,"column":31}},"52":{"start":{"line":53,"column":0},"end":{"line":53,"column":2}},"53":{"start":{"line":54,"column":0},"end":{"line":54,"column":43}},"54":{"start":{"line":55,"column":0},"end":{"line":55,"column":45}},"55":{"start":{"line":56,"column":0},"end":{"line":56,"column":29}},"56":{"start":{"line":57,"column":0},"end":{"line":57,"column":49}},"57":{"start":{"line":58,"column":0},"end":{"line":58,"column":14}},"58":{"start":{"line":59,"column":0},"end":{"line":59,"column":35}},"59":{"start":{"line":60,"column":0},"end":{"line":60,"column":45}},"60":{"start":{"line":61,"column":0},"end":{"line":61,"column":9}},"61":{"start":{"line":62,"column":0},"end":{"line":62,"column":5}},"62":{"start":{"line":63,"column":0},"end":{"line":63,"column":27}},"63":{"start":{"line":64,"column":0},"end":{"line":64,"column":32}},"64":{"start":{"line":65,"column":0},"end":{"line":65,"column":0}},"65":{"start":{"line":66,"column":0},"end":{"line":66,"column":22}},"66":{"start":{"line":67,"column":0},"end":{"line":67,"column":62}},"67":{"start":{"line":68,"column":0},"end":{"line":68,"column":48}},"68":{"start":{"line":69,"column":0},"end":{"line":69,"column":5}},"69":{"start":{"line":70,"column":0},"end":{"line":70,"column":9}},"70":{"start":{"line":71,"column":0},"end":{"line":71,"column":24}},"71":{"start":{"line":72,"column":0},"end":{"line":72,"column":0}},"72":{"start":{"line":73,"column":0},"end":{"line":73,"column":38}},"73":{"start":{"line":74,"column":0},"end":{"line":74,"column":28}},"74":{"start":{"line":75,"column":0},"end":{"line":75,"column":32}},"75":{"start":{"line":76,"column":0},"end":{"line":76,"column":28}},"76":{"start":{"line":77,"column":0},"end":{"line":77,"column":21}},"77":{"start":{"line":78,"column":0},"end":{"line":78,"column":35}},"78":{"start":{"line":79,"column":0},"end":{"line":79,"column":51}},"79":{"start":{"line":80,"column":0},"end":{"line":80,"column":9}},"80":{"start":{"line":81,"column":0},"end":{"line":81,"column":5}},"81":{"start":{"line":82,"column":0},"end":{"line":82,"column":5}},"82":{"start":{"line":83,"column":0},"end":{"line":83,"column":2}},"83":{"start":{"line":84,"column":0},"end":{"line":84,"column":43}},"84":{"start":{"line":85,"column":0},"end":{"line":85,"column":7}},"85":{"start":{"line":86,"column":0},"end":{"line":86,"column":29}},"86":{"start":{"line":87,"column":0},"end":{"line":87,"column":47}},"87":{"start":{"line":88,"column":0},"end":{"line":88,"column":63}},"88":{"start":{"line":89,"column":0},"end":{"line":89,"column":43}},"89":{"start":{"line":90,"column":0},"end":{"line":90,"column":33}},"90":{"start":{"line":91,"column":0},"end":{"line":91,"column":33}},"91":{"start":{"line":92,"column":0},"end":{"line":92,"column":17}},"92":{"start":{"line":93,"column":0},"end":{"line":93,"column":33}},"93":{"start":{"line":94,"column":0},"end":{"line":94,"column":47}},"94":{"start":{"line":95,"column":0},"end":{"line":95,"column":7}},"95":{"start":{"line":96,"column":0},"end":{"line":96,"column":3}},"96":{"start":{"line":97,"column":0},"end":{"line":97,"column":2}},"97":{"start":{"line":98,"column":0},"end":{"line":98,"column":42}},"98":{"start":{"line":99,"column":0},"end":{"line":99,"column":31}},"99":{"start":{"line":100,"column":0},"end":{"line":100,"column":59}},"100":{"start":{"line":101,"column":0},"end":{"line":101,"column":44}},"101":{"start":{"line":102,"column":0},"end":{"line":102,"column":51}},"102":{"start":{"line":103,"column":0},"end":{"line":103,"column":68}},"103":{"start":{"line":104,"column":0},"end":{"line":104,"column":44}},"104":{"start":{"line":105,"column":0},"end":{"line":105,"column":45}},"105":{"start":{"line":106,"column":0},"end":{"line":106,"column":41}},"106":{"start":{"line":107,"column":0},"end":{"line":107,"column":46}},"107":{"start":{"line":108,"column":0},"end":{"line":108,"column":20}},"108":{"start":{"line":109,"column":0},"end":{"line":109,"column":40}},"109":{"start":{"line":110,"column":0},"end":{"line":110,"column":64}},"110":{"start":{"line":111,"column":0},"end":{"line":111,"column":64}},"111":{"start":{"line":112,"column":0},"end":{"line":112,"column":7}},"112":{"start":{"line":113,"column":0},"end":{"line":113,"column":72}},"113":{"start":{"line":114,"column":0},"end":{"line":114,"column":44}},"114":{"start":{"line":115,"column":0},"end":{"line":115,"column":45}},"115":{"start":{"line":116,"column":0},"end":{"line":116,"column":46}},"116":{"start":{"line":117,"column":0},"end":{"line":117,"column":21}},"117":{"start":{"line":118,"column":0},"end":{"line":118,"column":53}},"118":{"start":{"line":119,"column":0},"end":{"line":119,"column":7}},"119":{"start":{"line":120,"column":0},"end":{"line":120,"column":5}},"120":{"start":{"line":121,"column":0},"end":{"line":121,"column":2}},"121":{"start":{"line":122,"column":0},"end":{"line":122,"column":9}},"122":{"start":{"line":123,"column":0},"end":{"line":123,"column":2}},"123":{"start":{"line":124,"column":0},"end":{"line":124,"column":0}},"124":{"start":{"line":125,"column":0},"end":{"line":125,"column":43}},"125":{"start":{"line":126,"column":0},"end":{"line":126,"column":61}},"126":{"start":{"line":127,"column":0},"end":{"line":127,"column":2}}},"s":{"0":1,"1":1,"2":1,"3":1,"4":1,"5":1,"6":1,"7":3,"8":3,"9":3,"10":3,"11":2,"12":2,"13":1,"14":1,"15":1,"16":1,"17":1,"18":1,"19":1,"20":1,"21":1,"22":1,"23":1,"24":0,"25":0,"26":0,"27":0,"28":1,"29":1,"30":1,"31":4,"32":4,"33":4,"34":0,"35":0,"36":0,"37":4,"38":4,"39":4,"40":4,"41":0,"42":0,"43":0,"44":0,"45":1,"46":1,"47":1,"48":1,"49":1,"50":1,"51":1,"52":1,"53":1,"54":1,"55":1,"56":1,"57":1,"58":0,"59":0,"60":0,"61":1,"62":1,"63":1,"64":1,"65":1,"66":0,"67":0,"68":0,"69":1,"70":1,"71":1,"72":1,"73":1,"74":1,"75":1,"76":0,"77":0,"78":0,"79":0,"80":1,"81":1,"82":1,"83":1,"84":1,"85":1,"86":1,"87":1,"88":1,"89":1,"90":1,"91":0,"92":0,"93":0,"94":0,"95":1,"96":1,"97":1,"98":0,"99":0,"100":0,"101":0,"102":0,"103":0,"104":0,"105":0,"106":0,"107":0,"108":0,"109":0,"110":0,"111":0,"112":0,"113":0,"114":0,"115":0,"116":0,"117":0,"118":0,"119":0,"120":0,"121":0,"122":0,"123":1,"124":1,"125":0,"126":0},"branchMap":{"0":{"type":"branch","line":2,"loc":{"start":{"line":2,"column":0},"end":{"line":2,"column":35}},"locations":[{"start":{"line":2,"column":0},"end":{"line":2,"column":35}}]},"1":{"type":"branch","line":2,"loc":{"start":{"line":2,"column":0},"end":{"line":2,"column":35}},"locations":[{"start":{"line":2,"column":0},"end":{"line":2,"column":35}}]},"2":{"type":"branch","line":2,"loc":{"start":{"line":2,"column":0},"end":{"line":2,"column":35}},"locations":[{"start":{"line":2,"column":0},"end":{"line":2,"column":35}}]},"3":{"type":"branch","line":2,"loc":{"start":{"line":2,"column":0},"end":{"line":2,"column":35}},"locations":[{"start":{"line":2,"column":0},"end":{"line":2,"column":35}}]},"4":{"type":"branch","line":2,"loc":{"start":{"line":2,"column":0},"end":{"line":2,"column":35}},"locations":[{"start":{"line":2,"column":0},"end":{"line":2,"column":35}}]},"5":{"type":"branch","line":2,"loc":{"start":{"line":2,"column":0},"end":{"line":2,"column":35}},"locations":[{"start":{"line":2,"column":0},"end":{"line":2,"column":35}}]},"6":{"type":"branch","line":2,"loc":{"start":{"line":2,"column":0},"end":{"line":2,"column":35}},"locations":[{"start":{"line":2,"column":0},"end":{"line":2,"column":35}}]},"7":{"type":"branch","line":2,"loc":{"start":{"line":2,"column":0},"end":{"line"
[...]
"locations":[{"start":{"line":46,"column":43},"end":{"line":53,"column":3}}]},"3":{"type":"branch","line":47,"loc":{"start":{"line":47,"column":51},"end":{"line":49,"column":3}},"locations":[{"start":{"line":47,"column":51},"end":{"line":49,"column":3}}]},"4":{"type":"branch","line":50,"loc":{"start":{"line":50,"column":16},"end":{"line":50,"column":35}},"locations":[{"start":{"line":50,"column":16},"end":{"line":50,"column":35}}]},"5":{"type":"branch","line":50,"loc":{"start":{"line":50,"column":37},"end":{"line":52,"column":3}},"locations":[{"start":{"line":50,"column":37},"end":{"line":52,"column":3}}]},"6":{"type":"branch","line":56,"loc":{"start":{"line":56,"column":16},"end":{"line":58,"column":3}},"locations":[{"start":{"line":56,"column":16},"end":{"line":58,"column":3}}]},"7":{"type":"branch","line":59,"loc":{"start":{"line":59,"column":19},"end":{"line":69,"column":3}},"locations":[{"start":{"line":59,"column":19},"end":{"line":69,"column":3}}]},"8":{"type":"branch","line":60,"loc":{"start":{"line":60,"column":19},"end":{"line":60,"column":29}},"locations":[{"start":{"line":60,"column":19},"end":{"line":60,"column":29}}]},"9":{"type":"branch","line":66,"loc":{"start":{"line":66,"column":6},"end":{"line":68,"column":5}},"locations":[{"start":{"line":66,"column":6},"end":{"line":68,"column":5}}]},"10":{"type":"branch","line":70,"loc":{"start":{"line":70,"column":12},"end":{"line":72,"column":4}},"locations":[{"start":{"line":70,"column":12},"end":{"line":72,"column":4}}]}},"b":{"0":[46],"1":[3],"2":[46],"3":[1],"4":[45],"5":[0],"6":[2],"7":[48],"8":[0],"9":[0],"10":[46]},"fnMap":{"0":{"name":"authenticate","decl":{"start":{"line":56,"column":16},"end":{"line":58,"column":3}},"loc":{"start":{"line":56,"column":16},"end":{"line":58,"column":3}},"line":56},"1":{"name":"encryptPassword","decl":{"start":{"line":59,"column":19},"end":{"line":69,"column":3}},"loc":{"start":{"line":59,"column":19},"end":{"line":69,"column":3}},"line":59},"2":{"name":"makeSalt","decl":{"start":{"line":70,"column":12},"end":{"line":72,"column":4}},"loc":{"start":{"line":70,"column":12},"end":{"line":72,"column":4}},"line":70}},"f":{"0":2,"1":48,"2":46}}
,"/home/rawda/Dev/loop-expenses/backend/src/routes/auth.routes.js": {"path":"/home/rawda/Dev/loop-expenses/backend/src/routes/auth.routes.js","all":false,"statementMap":{"0":{"start":{"line":1,"column":0},"end":{"line":1,"column":30}},"1":{"start":{"line":2,"column":0},"end":{"line":2,"column":63}},"2":{"start":{"line":3,"column":0},"end":{"line":3,"column":32}},"3":{"start":{"line":4,"column":0},"end":{"line":4,"column":35}},"4":{"start":{"line":5,"column":0},"end":{"line":5,"column":36}},"5":{"start":{"line":6,"column":0},"end":{"line":6,"column":22}}},"s":{"0":1,"1":1,"2":1,"3":1,"4":1,"5":1},"branchMap":{},"b":{},"fnMap":{},"f":{}}
,"/home/rawda/Dev/loop-expenses/backend/src/routes/expense.routes.js": {"path":"/home/rawda/Dev/loop-expenses/backend/src/routes/expense.routes.js","all":false,"statementMap":{"0":{"start":{"line":1,"column":0},"end":{"line":1,"column":30}},"1":{"start":{"line":2,"column":0},"end":{"line":2,"column":62}},"2":{"start":{"line":3,"column":0},"end":{"line":3,"column":8}},"3":{"start":{"line":4,"column":0},"end":{"line":4,"column":9}},"4":{"start":{"line":5,"column":0},"end":{"line":5,"column":14}},"5":{"start":{"line":6,"column":0},"end":{"line":6,"column":10}},"6":{"start":{"line":7,"column":0},"end":{"line":7,"column":13}},"7":{"start":{"line":8,"column":0},"end":{"line":8,"column":9}},"8":{"start":{"line":9,"column":0},"end":{"line":9,"column":9}},"9":{"start":{"line":10,"column":0},"end":{"line":10,"column":7}},"10":{"start":{"line":11,"column":0},"end":{"line":11,"column":24}},"11":{"start":{"line":12,"column":0},"end":{"line":12,"column":20}},"12":{"start":{"line":13,"column":0},"end":{"line":13,"column":20}},"13":{"start":{"line":14,"column":0},"end":{"line":14,"column":17}},"14":{"start":{"line":15,"column":0},"end":{"line":15,"column":15}},"15":{"start":{"line":16,"column":0},"end":{"line":16,"column":43}},"16":{"start":{"line":17,"column":0},"end":{"line":17,"column":32}},"17":{"start":{"line":18,"column":0},"end":{"line":18,"column":74}},"18":{"start":{"line":19,"column":0},"end":{"line":19,"column":75}},"19":{"start":{"line":20,"column":0},"end":{"line":20,"column":74}},"20":{"start":{"line":21,"column":0},"end":{"line":21,"column":54}},"21":{"start":{"line":22,"column":0},"end":{"line":22,"column":58}},"22":{"start":{"line":23,"column":0},"end":{"line":23,"column":6}},"23":{"start":{"line":24,"column":0},"end":{"line":24,"column":23}},"24":{"start":{"line":25,"column":0},"end":{"line":25,"column":37}},"25":{"start":{"line":26,"column":0},"end":{"line":26,"column":40}},"26":{"start":{"line":27,"column":0},"end":{"line":27,"column":36}},"27":{"start":{"line":28,"column":0},"end":{"line":28,"column":0}},"28":{"start":{"line":29,"column":0},"end":{"line":29,"column":75}},"29":{"start":{"line":30,"column":0},"end":{"line":30,"column":39}},"30":{"start":{"line":31,"column":0},"end":{"line":31,"column":22}}},"s":{"0":1,"1":1,"2":1,"3":1,"4":1,"5":1,"6":1,"7":1,"8":1,"9":1,"10":1,"11":1,"12":1,"13":1,"14":1,"15":1,"16":1,"17":1,"18":1,"19":1,"20":1,"21":1,"22":1,"23":1,"24":1,"25":1,"26":1,"27":1,"28":1,"29":1,"30":1},"branchMap":{},"b":{},"fnMap":{},"f":{}}
,"/home/rawda/Dev/loop-expenses/backend/src/routes/user.routes.js": {"path":"/home/rawda/Dev/loop-expenses/backend/src/routes/user.routes.js","all":false,"statementMap":{"0":{"start":{"line":1,"column":0},"end":{"line":1,"column":30}},"1":{"start":{"line":2,"column":0},"end":{"line":2,"column":8}},"2":{"start":{"line":3,"column":0},"end":{"line":3,"column":9}},"3":{"start":{"line":4,"column":0},"end":{"line":4,"column":15}},"4":{"start":{"line":5,"column":0},"end":{"line":5,"column":7}},"5":{"start":{"line":6,"column":0},"end":{"line":6,"column":8}},"6":{"start":{"line":7,"column":0},"end":{"line":7,"column":7}},"7":{"start":{"line":8,"column":0},"end":{"line":8,"column":9}},"8":{"start":{"line":9,"column":0},"end":{"line":9,"column":9}},"9":{"start":{"line":10,"column":0},"end":{"line":10,"column":11}},"10":{"start":{"line":11,"column":0},"end":{"line":11,"column":40}},"11":{"start":{"line":12,"column":0},"end":{"line":12,"column":80}},"12":{"start":{"line":13,"column":0},"end":{"line":13,"column":32}},"13":{"start":{"line":14,"column":0},"end":{"line":14,"column":41}},"14":{"start":{"line":15,"column":0},"end":{"line":15,"column":0}},"15":{"start":{"line":16,"column":0},"end":{"line":16,"column":6}},"16":{"start":{"line":17,"column":0},"end":{"line":17,"column":20}},"17":{"start":{"line":18,"column":0},"end":{"line":18,"column":26}},"18":{"start":{"line":19,"column":0},"end":{"line":19,"column":46}},"19":{"start":{"line":20,"column":0},"end":{"line":20,"column":50}},"20":{"start":{"line":21,"column":0},"end":{"line":21,"column":56}},"21":{"start":{"line":22,"column":0},"end":{"line":22,"column":55}},"22":{"start":{"line":23,"column":0},"end":{"line":23,"column":0}},"23":{"start":{"line":24,"column":0},"end":{"line":24,"column":33}},"24":{"start":{"line":25,"column":0},"end":{"line":25,"column":22}}},"s":{"0":1,"1":1,"2":1,"3":1,"4":1,"5":1,"6":1,"7":1,"8":1,"9":1,"10":1,"11":1,"12":1,"13":1,"14":1,"15":1,"16":1,"17":1,"18":1,"19":1,"20":1,"21":1,"22":1,"23":1,"24":1},"branchMap":{},"b":{},"fnMap":{},"f":{}}
,"/home/rawda/Dev/loop-expenses/backend/src/utils/seedFn.js": {"path":"/home/rawda/Dev/loop-expenses/backend/src/utils/seedFn.js","all":false,"statementMap":{"0":{"start":{"line":1,"column":0},"end":{"line":1,"column":40}},"1":{"start":{"line":2,"column":0},"end":{"line":2,"column":46}},"2":{"start":{"line":3,"column":0},"end":{"line":3,"column":31}},"3":{"start":{"line":4,"column":0},"end":{"line":4,"column":70}},"4":{"start":{"line":5,"column":0},"end":{"line":5,"column":31}},"5":{"start":{"line":6,"column":0},"end":{"line":6,"column":31}},"6":{"start":{"line":7,"column":0},"end":{"line":7,"column":20}},"7":{"start":{"line":8,"column":0},"end":{"line":8,"column":25}},"8":{"start":{"line":9,"column":0},"end":{"line":9,"column":28}},"9":{"start":{"line":10,"column":0},"end":{"line":10,"column":31}},"10":{"start":{"line":11,"column":0},"end":{"line":11,"column":5}},"11":{"start":{"line":12,"column":0},"end":{"line":12,"column":21}},"12":{"start":{"line":13,"column":0},"end":{"line":13,"column":20}},"13":{"start":{"line":14,"column":0},"end":{"line":14,"column":26}},"14":{"start":{"line":15,"column":0},"end":{"line":15,"column":29}},"15":{"start":{"line":16,"column":0},"end":{"line":16,"column":32}},"16":{"start":{"line":17,"column":0},"end":{"line":17,"column":5}},"17":{"start":{"line":18,"column":0},"end":{"line":18,"column":21}},"18":{"start":{"line":19,"column":0},"end":{"line":19,"column":61}},"19":{"start":{"line":20,"column":0},"end":{"line":20,"column":0}},"20":{"start":{"line":21,"column":0},"end":{"line":21,"column":37}},"21":{"start":{"line":22,"column":0},"end":{"line":22,"column":29}},"22":{"start":{"line":23,"column":0},"end":{"line":23,"column":39}},"23":{"start":{"line":24,"column":0},"end":{"line":24,"column":24}},"24":{"start":{"line":25,"column":0},"end":{"line":25,"column":2}},"25":{"start":{"line":26,"column":0},"end":{"line":26,"column":34}},"26":{"start":{"line":27,"column":0},"end":{"line":27,"column":26}},"27":{"start":{"line":28,"column":0},"end":{"line":28,"column":25}},"28":{"start":{"line":29,"column":0},"end":{"line":29,"column":21}},"29":{"start":{"line":30,"column":0},"end":{"line":30,"column":16}},"30":{"start":{"line":31,"column":0},"end":{"line":31,"column":72}},"31":{"start":{"line":32,"column":0},"end":{"line":32,"column":39}},"32":{"start":{"line":33,"column":0},"end":{"line":33,"column":25}},"33":{"start":{"line":34,"column":0},"end":{"line":34,"column":17}},"34":{"start":{"line":35,"column":0},"end":{"line":35,"column":5}},"35":{"start":{"line":36,"column":0},"end":{"line":36,"column":24}},"36":{"start":{"line":37,"column":0},"end":{"line":37,"column":26}},"37":{"start":{"line":38,"column":0},"end":{"line":38,"column":18}},"38":{"start":{"line":39,"column":0},"end":{"line":39,"column":21}},"39":{"start":{"line":40,"column":0},"end":{"line":40,"column":16}},"40":{"start":{"line":41,"column":0},"end":{"line":41,"column":25}},"41":{"start":{"line":42,"column":0},"end":{"line":42,"column":39}},"42":{"start":{"line":43,"column":0},"end":{"line":43,"column":17}},"43":{"start":{"line":44,"column":0},"end":{"line":44,"column":5}},"44":{"start":{"line":45,"column":0},"end":{"line":45,"column":24}},"45":{"start":{"line":46,"column":0},"end":{"line":46,"column":0}},"46":{"start":{"line":47,"column":0},"end":{"line":47,"column":26}},"47":{"start":{"line":48,"column":0},"end":{"line":48,"column":33}},"48":{"start":{"line":49,"column":0},"end":{"line":49,"column":25}},"49":{"start":{"line":50,"column":0},"end":{"line":50,"column":39}},"50":{"start":{"line":51,"column":0},"end":{"line":51,"column":16}},"51":{"start":{"line":52,"column":0},"end":{"line":52,"column":25}},"52":{"start":{"line":53,"column":0},"end":{"line":53,"column":17}},"53":{"start":{"line":54,"column":0},"end":{"line":54,"column":5}},"54":{"start":{"line":55,"column":0},"end":{"line":55,"column":24}},"55":{"start":{"line":56,"column":0},"end":{"line":56,"column":45}},"56":{"start":{"line":57,"column":0},"end":{"line":57,"column":27}},"57":{"start":{"line":58,"column":0},"end":{"line":58,"column":2}},"58":{"start":{"line":59,"column":0},"end":{"line":59,"column":30}},"59":{"start":{"line":60,"column":0},"end":{"line":60,"column":27}},"60":{"start":{"line":61,"column":0},"end":{"line":61,"column":20}},"61":{"start":{"line":62,"column":0},"end":{"line":62,"column":23}},"62":{"start":{"line":63,"column":0},"end":{"line":63,"column":2}},"63":{"start":{"line":64,"column":0},"end":{"line":64,"column":76}}},"s":{"0":1,"1":0,"2":1,"3":1,"4":1,"5":1,"6":20,"7":20,"8":20,"9":20,"10":20,"11":20,"12":20,"13":20,"14":20,"15":20,"16":20,"17":20,"18":20,"19":20,"20":20,"21":60,"22":60,"23":60,"24":1,"25":1,"26":20,"27":20,"28":20,"29":20,"30":20,"31":20,"32":20,"33":20,"34":20,"35":20,"36":20,"37":20,"38":20,"39":20,"40":20,"41":20,"42":20,"43":20,"44":20,"45":20,"46":20,"47":20,"48":20,"49":20,"50":20,"51":20,"52":20,"53":20,"54":20,"55":1,"56":1,"57":1,"58":1,"59":20,"60":20,"61":20,"62":1,"63":1},"branchMap":{"0":{"type":"branch","line":2,"loc":{"start":{"line":2,"column":0},"end":{"line":2,"column":46}},"locations":[{"start":{"line":2,"column":0},"end":{"line":2,"column":46}}]},"1":{"type":"branch","line":2,"loc":{"start":{"line":2,"column":0},"end":{"line":2,"column":46}},"locations":[{"start":{"line":2,"column":0},"end":{"line":2,"column":46}}]},"2":{"type":"branch","line":2,"loc":{"start":{"line":2,"column":0},"end":{"line":2,"column":46}},"locations":[{"start":{"line":2,"column":0},"end":{"line":2,"column":46}}]},"3":{"type":"branch","line":2,"loc":{"start":{"line":2,"column":0},"end":{"line":2,"column":46}},"locations":[{"start":{"line":2,"column":0},"end":{"line":2,"column":46}}]},"4":{"type":"branch","line":2,"loc":{"start":{"line":2,"column":0},"end":{"line":2,"column":46}},"locations":[{"start":{"line":2,"column":0},"end":{"line":2,"column":46}}]},"5":{"type":"branch","line":2,"loc":{"start":{"line":2,"column":0},"end":{"line":2,"column":46}},"locations":[{"start":{"line":2,"column":0},"end":{"line":2,"column":46}}]},"6":{"type":"branch","line":2,"loc":{"start":{"line":2,"column":0},"end":{"line":2,"column":46}},"locations":[{"start":{"line":2,"column":0},"end":{"line":2,"column":46}}]},"7":{"type":"branch","line":2,"loc":{"start":{"line":2,"column":0},"end":{"line":2,"column":46}},"locations":[{"start":{"line":2,"column":0},"end":{"line":2,"column":46}}]},"8":{"type":"branch","line":6,"loc":{"start":{"line":6,"column":15},"end":{"line":6,"column":18}},"locations":[{"start":{"line":6,"column":15},"end":{"line":6,"column":18}}]},"9":{"type":"branch","line":6,"loc":{"start":{"line":6,"column":18},"end":{"line":24,"column":24}},"locations":[{"start":{"line":6,"column":18},"end":{"line":24,"column":24}}]},"10":{"type":"branch","line":6,"loc":{"start":{"line":6,"column":18},"end":{"line":24,"column":24}},"locations":[{"start":{"line":6,"column":18},"end":{"line":24,"column":24}}]},"11":{"type":"branch","line":6,"loc":{"start":{"line":6,"column":18},"end":{"line":12,"column":21}},"locations":[{"start":{"line":6,"column":18},"end":{"line":12,"column":21}}]},"12":{"type":"branch","line":12,"loc":{"start":{"line":12,"column":20},"end":{"line":18,"column":21}},"locations":[{"start":{"line":12,"column":20},"end":{"line":18,"column":21}}]},"13":{"type":"branch","line":18,"loc":{"start":{"line":18,"column":20},"end":{"line":21,"column":37}},"locations":[{"start":{"line":18,"column":20},"end":{"line":21,"column":37}}]},"14":{"type":"branch","line":24,"loc":{"start":{"line":24,"column":2},"end":{"line":24,"column":24}},"locations":[{"start":{"line":24,"column":2},"end":{"line":24,"column":24}}]},"15":{"type":"branch","line":24,"loc":{"start":{"line":24,"column":2},"end":{"line":24,"column":24}},"locations":[{"start":{"line":24,"column":2},"end":{"line":24,"column":24}}]},"16":{"type":"branch","line":26,"loc":{"start":{"line":26,"column":18},"end":{"line":26,"column":21}},"locations":[{"start":{"line":26,"column":18},"end":{"line":26,"column":21}}]},"17":{"type":"branch","line":26,"loc":{"start":{"line":26,"column":21},"end":{"line":55,"column":24}},"locations":[{"start":{"line":26,"column":21},"end":{"line":55,"column":24}}]},"18":{"type":"branch","line":26,"loc":{"start":{"line":26,"column":21},"end":{"line":55,"column":24}},"locations":[{"start":{"line":26,"column":21},"end":{"line":55,"column":24}}]},"19":{"type":"branch","line":26,"loc":{"start":{"line":26,"column":21},"end":{"line":36,"column":24}},"locations":[{"start":{"line":26,"column":21},"end":{"line":36,"column":24}}]},"20":{"type":"branch","line":36,"loc":{"start":{"line":36,"column":23},"end":{"line":45,"column":24}},"locations":[{"start":{"line":36,"column":23},"end":{"line":45,"column":24}}]},"21":{"type":"branch","line":45,"loc":{"start":{"line":45,"column":23},"end":{"line":55,"column":24}},"locations":[{"start":{"line":45,"column":23},"end":{"line":55,"column":24}}]},"22":{"type":"branch","line":55,"loc":{"start":{"line":55,"column":23},"end":{"line":55,"column":24}},"locations":[{"start":{"line":55,"column":23},"end":{"line":55,"column":24}}]},"23":{"type":"branch","line":55,"loc":{"start":{"line":55,"column":23},"end":{"line":55,"column":24}},"locations":[{"start":{"line":55,"column":23},"end":{"line":55,"column":24}}]},"24":{"type":"branch","line":59,"loc":{"start":{"line":59,"column":14},"end":{"line":59,"column":17}},"locations":[{"start":{"line":59,"column":14},"end":{"line":59,"column":17}}]},"25":{"type":"branch","line":59,"loc":{"start":{"line":59,"column":17},"end":{"line":62,"column":23}},"locations":[{"start":{"line":59,"column":17},"end":{"line":62,"column":23}}]},"26":{"type":"branch","line":59,"loc":{"start":{"line":59,"column":17},"end":{"line":62,"column":23}},"locations":[{"start":{"line":59,"column":17},"end":{"line":62,"column":23}}]},"27":{"type":"branch","line":59,"loc":{"start":{"line":59,"column":17},"end":{"line":61,"column":20}},"locations":[{"start":{"line":59,"column":17},"end":{"line":61,"column":20}}]},"28":{"type":"branch","line":61,"loc":{"start":{"line":61,"column":19},"end":{"line":62,"column":23}},"locations":[{"start":{"line":61,"column":19},"end":{"line":62,"column":23}}]},"29":{"type":"branch","line":62,"loc":{"start":{"line":62,"column":22},"end":{"line":62,"column":23}},"locations":[{"start":{"line":62,"column":22},"end":{"line":62,"column":23}}]},"30":{"type":"branch","line":62,"loc":{"start":{"line":62,"column":22},"end":{"line":62,"column":23}},"locations":[{"start":{"line":62,"column":22},"end":{"line":62,"column":23}}]}},"b":{"0":[200],"1":[0],"2":[60],"3":[140],"4":[15],"5":[60],"6":[60],"7":[200],"8":[5],"9":[20],"10":[60],"11":[20],"12":[20],"13":[20],"14":[20],"15":[20],"16":[5],"17":[20],"18":[80],"19":[20],"20":[20],"21":[20],"22":[20],"23":[20],"24":[5],"25":[20],"26":[60],"27":[20],"28":[20],"29":[20],"30":[20]},"fnMap":{"0":{"name":"asyncGeneratorStep","decl":{"start":{"line":2,"column":0},"end":{"line":2,"column":46}},"loc":{"start":{"line":2,"column":0},"end":{"line":2,"column":46}},"line":2},"1":{"name":"_asyncToGenerator","decl":{"start":{"line":2,"column":0},"end":{"line":2,"column":46}},"loc":{"start":{"line":2,"column":0},"end":{"line":2,"column":46}},"line":2},"2":{"name":"_next","decl":{"start":{"line":2,"column":0},"end":{"line":2,"column":46}},"loc":{"start":{"line":2,"column":0},"end":{"line":2,"column":46}},"line":2},"3":{"name":"_throw","decl":{"start":{"line":2,"column":0},"end":{"line":2,"column":46}},"loc":{"start":{"line":2,"column":0},"end":{"line":2,"column":46}},"line":2},"4":{"name":"_callee","decl":{"start":{"line":6,"column":18},"end":{"line":24,"column":24}},"loc":{"start":{"line":6,"column":18},"end":{"line":24,"column":24}},"line":6},"5":{"name":"_callee$","decl":{"start":{"line":6,"column":18},"end":{"line":24,"column":24}},"loc":{"start":{"line":6,"column":18},"end":{"line":24,"column":24}},"line":6},"6":{"name":"_callee2","decl":{"start":{"line":26,"column":21},"end":{"line":55,"column":24}},"loc":{"start":{"line":26,"column":21},"end":{"line":55,"column":24}},"line":26},"7":{"name":"_callee2$","decl":{"start":{"line":26,"column":21},"end":{"line":55,"column":24}},"loc":{"start":{"line":26,"column":21},"end":{"line":55,"column":24}},"line":26},"8":{"name":"_callee3","decl":{"start":{"line":59,"column":17},"end":{"line":62,"column":23}},"loc":{"start":{"line":59,"column":17},"end":{"line":62,"column":23}},"line":59},"9":{"name":"_callee3$","decl":{"start":{"line":59,"column":17},"end":{"line":62,"column":23}},"loc":{"start":{"line":59,"column":17},"end":{"line":62,"column":23}},"line":59}},"f":{"0":200,"1":15,"2":200,"3":0,"4":20,"5":60,"6":20,"7":80,"8":20,"9":60}}
}
