TN:
SF:src/dbConnection.js
FN:2,asyncGeneratorStep
FN:2,_asyncToGenerator
FN:2,_next
FN:2,_throw
FN:6,_callee
FN:6,_callee$
FN:22,_callee2
FN:22,_callee2$
FN:29,_callee3
FN:29,_callee3$
FNF:10
FNH:9
FNDA:36,asyncGeneratorStep
FNDA:15,_asyncToGenerator
FNDA:36,_next
FNDA:0,_throw
FNDA:4,_callee
FNDA:8,_callee$
FNDA:4,_callee2
FNDA:8,_callee2$
FNDA:20,_callee3
FNDA:20,_callee3$
DA:1,1
DA:2,0
DA:3,1
DA:4,1
DA:5,1
DA:6,1
DA:7,4
DA:8,4
DA:9,4
DA:10,4
DA:11,4
DA:12,4
DA:13,0
DA:14,4
DA:15,4
DA:16,4
DA:17,0
DA:18,4
DA:19,1
DA:20,1
DA:21,1
DA:22,1
DA:23,4
DA:24,4
DA:25,4
DA:26,1
DA:27,1
DA:28,1
DA:29,1
DA:30,20
DA:31,20
DA:32,20
DA:33,40
DA:34,40
DA:35,20
DA:36,20
DA:37,1
LF:37
LH:34
BRDA:2,0,0,36
BRDA:2,1,0,0
BRDA:2,2,0,28
BRDA:2,3,0,8
BRDA:2,4,0,15
BRDA:2,5,0,28
BRDA:2,6,0,28
BRDA:2,7,0,36
BRDA:6,8,0,5
BRDA:6,9,0,4
BRDA:6,10,0,8
BRDA:6,11,0,4
BRDA:7,12,0,0
BRDA:10,13,0,4
BRDA:22,14,0,5
BRDA:22,15,0,4
BRDA:22,16,0,8
BRDA:22,17,0,4
BRDA:23,18,0,4
BRDA:29,19,0,5
BRDA:29,20,0,20
BRDA:29,21,0,20
BRDA:32,22,0,40
BRDA:33,23,0,40
BRF:24
BRH:22
end_of_record
TN:
SF:src/dbSetting.js
FNF:0
FNH:0
DA:1,1
DA:2,1
DA:3,1
DA:4,1
DA:5,1
DA:6,1
DA:7,1
DA:8,1
DA:9,1
DA:10,1
LF:10
LH:10
BRF:0
BRH:0
end_of_record
TN:
SF:src/server.js
FN:2,asyncGeneratorStep
FN:2,_asyncToGenerator
FN:2,_next
FN:2,_throw
FN:27,_callee
FN:27,_callee$
FNF:6
FNH:5
FNDA:4,asyncGeneratorStep
FNDA:4,_asyncToGenerator
FNDA:4,_next
FNDA:0,_throw
FNDA:4,_callee
FNDA:4,_callee$
DA:1,1
DA:2,0
DA:3,1
DA:4,1
DA:5,1
DA:6,1
DA:7,1
DA:8,1
DA:9,1
DA:10,1
DA:11,1
DA:12,1
DA:13,1
DA:14,1
DA:15,1
DA:16,0
DA:17,0
DA:18,1
DA:19,4
DA:20,4
DA:21,4
DA:22,0
DA:23,0
DA:24,0
DA:25,4
DA:26,1
DA:27,1
DA:28,4
DA:29,1
DA:30,1
DA:31,1
DA:32,1
DA:33,1
DA:34,1
DA:35,1
DA:36,1
DA:37,1
DA:38,1
DA:39,1
DA:40,1
DA:41,1
LF:41
LH:35
BRDA:15,0,0,0
BRDA:2,1,0,4
BRDA:2,2,0,0
BRDA:2,3,0,0
BRDA:2,4,0,4
BRDA:2,5,0,4
BRDA:2,6,0,4
BRDA:2,7,0,4
BRDA:18,8,0,4
BRDA:21,9,0,0
BRDA:27,10,0,4
BRDA:27,11,0,4
BRDA:27,12,0,8
BRDA:27,13,0,4
BRDA:28,14,0,0
BRDA:28,15,0,4
BRDA:28,16,0,4
BRF:17
BRH:12
end_of_record
TN:
SF:src/config/index.js
FNF:0
FNH:0
DA:1,1
DA:2,1
DA:3,1
DA:4,1
DA:5,1
DA:6,1
DA:7,1
DA:8,0
DA:9,0
DA:10,0
DA:11,0
DA:12,0
DA:13,1
DA:14,1
LF:14
LH:9
BRDA:3,0,0,0
BRDA:4,1,0,0
BRDA:5,2,0,0
BRDA:7,3,0,0
BRF:4
BRH:0
end_of_record
TN:
SF:src/controllers/auth.controller.js
FN:2,asyncGeneratorStep
FN:2,_asyncToGenerator
FN:2,_next
FN:2,_throw
FN:5,_callee
FN:5,_callee$
FN:25,logout
FN:35,hasAuthorization
FNF:8
FNH:7
FNDA:4,asyncGeneratorStep
FNDA:4,_asyncToGenerator
FNDA:4,_next
FNDA:0,_throw
FNDA:2,_callee
FNDA:6,_callee$
FNDA:1,logout
FNDA:2,hasAuthorization
DA:1,1
DA:2,0
DA:3,1
DA:4,1
DA:5,1
DA:6,2
DA:7,2
DA:8,2
DA:9,2
DA:10,1
DA:11,1
DA:12,1
DA:13,1
DA:14,1
DA:15,1
DA:16,1
DA:17,1
DA:18,1
DA:19,1
DA:20,1
DA:21,0
DA:22,0
DA:23,1
DA:24,1
DA:25,1
DA:26,1
DA:27,1
DA:28,1
DA:29,1
DA:30,1
DA:31,1
DA:32,1
DA:33,1
DA:34,1
DA:35,1
DA:36,2
DA:37,2
DA:38,2
DA:39,0
DA:40,0
DA:41,0
DA:42,0
DA:43,2
DA:44,2
LF:44
LH:37
BRDA:2,0,0,4
BRDA:2,1,0,0
BRDA:2,2,0,2
BRDA:2,3,0,4
BRDA:2,4,0,2
BRDA:2,5,0,2
BRDA:2,6,0,4
BRDA:5,7,0,4
BRDA:5,8,0,2
BRDA:5,9,0,6
BRDA:5,10,0,7
BRDA:5,11,0,2
BRDA:7,12,0,2
BRDA:9,13,0,1
BRDA:10,14,0,1
BRDA:20,15,0,0
BRDA:22,16,0,0
BRDA:22,17,0,2
BRDA:25,18,0,1
BRDA:35,19,0,2
BRDA:38,20,0,0
BRF:21
BRH:17
end_of_record
TN:
SF:src/controllers/expense.controller.js
FN:2,asyncGeneratorStep
FN:2,_asyncToGenerator
FN:2,_next
FN:2,_throw
FN:5,_callee
FN:5,_callee$
FN:26,_callee2
FN:26,_callee2$
FN:38,_callee3
FN:38,_callee3$
FN:55,_callee4
FN:55,_callee4$
FN:68,_callee5
FN:68,_callee5$
FN:71,isOwner
FN:79,_callee6
FN:79,_callee6$
FN:87,_callee7
FN:169,_callee8
FN:210,_callee9
FN:237,_callee10
FN:275,_callee11
FNF:22
FNH:16
FNDA:21,asyncGeneratorStep
FNDA:44,_asyncToGenerator
FNDA:21,_next
FNDA:0,_throw
FNDA:1,_callee
FNDA:3,_callee$
FNDA:1,_callee2
FNDA:3,_callee2$
FNDA:6,_callee3
FNDA:12,_callee3$
FNDA:1,_callee4
FNDA:3,_callee4$
FNDA:1,_callee5
FNDA:2,_callee5$
FNDA:3,isOwner
FNDA:1,_callee6
FNDA:3,_callee6$
FNDA:0,_callee7
FNDA:0,_callee8
FNDA:0,_callee9
FNDA:0,_callee10
FNDA:0,_callee11
DA:1,1
DA:2,0
DA:3,1
DA:4,1
DA:5,1
DA:6,1
DA:7,1
DA:8,1
DA:9,1
DA:10,1
DA:11,1
DA:12,1
DA:13,1
DA:14,1
DA:15,1
DA:16,1
DA:17,1
DA:18,1
DA:19,1
DA:20,0
DA:21,0
DA:22,0
DA:23,0
DA:24,1
DA:25,1
DA:26,1
DA:27,1
DA:28,1
DA:29,1
DA:30,1
DA:31,1
DA:32,0
DA:33,0
DA:34,0
DA:35,0
DA:36,1
DA:37,1
DA:38,1
DA:39,6
DA:40,6
DA:41,6
DA:42,6
DA:43,6
DA:44,6
DA:45,6
DA:46,0
DA:47,0
DA:48,0
DA:49,6
DA:50,6
DA:51,0
DA:52,0
DA:53,1
DA:54,1
DA:55,1
DA:56,1
DA:57,1
DA:58,1
DA:59,1
DA:60,1
DA:61,1
DA:62,1
DA:63,1
DA:64,0
DA:65,0
DA:66,1
DA:67,1
DA:68,1
DA:69,1
DA:70,1
DA:71,1
DA:72,3
DA:73,3
DA:74,3
DA:75,0
DA:76,0
DA:77,3
DA:78,3
DA:79,1
DA:80,1
DA:81,1
DA:82,1
DA:83,0
DA:84,0
DA:85,1
DA:86,1
DA:87,1
DA:88,0
DA:89,0
DA:90,0
DA:91,0
DA:92,0
DA:93,0
DA:94,0
DA:95,0
DA:96,0
DA:97,0
DA:98,0
DA:99,0
DA:100,0
DA:101,0
DA:102,0
DA:103,0
DA:104,0
DA:105,0
DA:106,0
DA:107,0
DA:108,0
DA:109,0
DA:110,0
DA:111,0
DA:112,0
DA:113,0
DA:114,0
DA:115,0
DA:116,0
DA:117,0
DA:118,0
DA:119,0
DA:120,0
DA:121,0
DA:122,0
DA:123,0
DA:124,0
DA:125,0
DA:126,0
DA:127,0
DA:128,0
DA:129,0
DA:130,0
DA:131,0
DA:132,0
DA:133,0
DA:134,0
DA:135,0
DA:136,0
DA:137,0
DA:138,0
DA:139,0
DA:140,0
DA:141,0
DA:142,0
DA:143,0
DA:144,0
DA:145,0
DA:146,0
DA:147,0
DA:148,0
DA:149,0
DA:150,0
DA:151,0
DA:152,0
DA:153,0
DA:154,0
DA:155,0
DA:156,0
DA:157,0
DA:158,0
DA:159,0
DA:160,0
DA:161,0
DA:162,0
DA:163,0
DA:164,0
DA:165,0
DA:166,0
DA:167,1
DA:168,1
DA:169,1
DA:170,0
DA:171,0
DA:172,0
DA:173,0
DA:174,0
DA:175,0
DA:176,0
DA:177,0
DA:178,0
DA:179,0
DA:180,0
DA:181,0
DA:182,0
DA:183,0
DA:184,0
DA:185,0
DA:186,0
DA:187,0
DA:188,0
DA:189,0
DA:190,0
DA:191,0
DA:192,0
DA:193,0
DA:194,0
DA:195,0
DA:196,0
DA:197,0
DA:198,0
DA:199,0
DA:200,0
DA:201,0
DA:202,0
DA:203,0
DA:204,0
DA:205,0
DA:206,0
DA:207,0
DA:208,1
DA:209,1
DA:210,1
DA:211,0
DA:212,0
DA:213,0
DA:214,0
DA:215,0
DA:216,0
DA:217,0
DA:218,0
DA:219,0
DA:220,0
DA:221,0
DA:222,0
DA:223,0
DA:224,0
DA:225,0
DA:226,0
DA:227,0
DA:228,0
DA:229,0
DA:230,0
DA:231,0
DA:232,0
DA:233,0
DA:234,0
DA:235,1
DA:236,1
DA:237,1
DA:238,0
DA:239,0
DA:240,0
DA:241,0
DA:242,0
DA:243,0
DA:244,0
DA:245,0
DA:246,0
DA:247,0
DA:248,0
DA:249,0
DA:250,0
DA:251,0
DA:252,0
DA:253,0
DA:254,0
DA:255,0
DA:256,0
DA:257,0
DA:258,0
DA:259,0
DA:260,0
DA:261,0
DA:262,0
DA:263,0
DA:264,0
DA:265,0
DA:266,0
DA:267,0
DA:268,0
DA:269,0
DA:270,0
DA:271,0
DA:272,0
DA:273,1
DA:274,1
DA:275,1
DA:276,0
DA:277,0
DA:278,0
DA:279,0
DA:280,0
DA:281,0
DA:282,0
DA:283,0
DA:284,0
DA:285,0
DA:286,0
DA:287,0
DA:288,0
DA:289,0
DA:290,0
DA:291,0
DA:292,0
DA:293,0
DA:294,0
DA:295,0
DA:296,0
DA:297,0
DA:298,0
DA:299,0
DA:300,0
DA:301,0
DA:302,0
DA:303,0
DA:304,0
DA:305,0
DA:306,0
DA:307,0
DA:308,0
DA:309,0
DA:310,0
DA:311,0
DA:312,0
DA:313,0
DA:314,1
DA:315,1
LF:315
LH:81
BRDA:2,0,0,21
BRDA:2,1,0,0
BRDA:2,2,0,11
BRDA:2,3,0,10
BRDA:2,4,0,44
BRDA:2,5,0,11
BRDA:2,6,0,11
BRDA:2,7,0,21
BRDA:5,8,0,4
BRDA:5,9,0,1
BRDA:5,10,0,3
BRDA:5,11,0,1
BRDA:18,12,0,1
BRDA:19,13,0,0
BRDA:23,14,0,0
BRDA:23,15,0,1
BRDA:26,16,0,4
BRDA:26,17,0,1
BRDA:26,18,0,3
BRDA:26,19,0,1
BRDA:30,20,0,1
BRDA:31,21,0,0
BRDA:35,22,0,0
BRDA:35,23,0,1
BRDA:38,24,0,4
BRDA:38,25,0,6
BRDA:38,26,0,12
BRDA:38,27,0,24
BRDA:38,28,0,6
BRDA:43,29,0,6
BRDA:45,30,0,0
BRDA:48,31,0,6
BRDA:51,32,0,0
BRDA:52,33,0,6
BRDA:52,34,0,6
BRDA:55,35,0,4
BRDA:55,36,0,1
BRDA:55,37,0,3
BRDA:55,38,0,1
BRDA:62,39,0,1
BRDA:63,40,0,0
BRDA:65,41,0,0
BRDA:65,42,0,1
BRDA:68,43,0,4
BRDA:68,44,0,1
BRDA:68,45,0,2
BRDA:68,46,0,1
BRDA:69,47,0,0
BRDA:69,48,0,1
BRDA:71,49,0,3
BRDA:74,50,0,0
BRDA:79,51,0,4
BRDA:79,52,0,1
BRDA:79,53,0,3
BRDA:79,54,0,1
BRDA:81,55,0,1
BRDA:82,56,0,0
BRDA:84,57,0,0
BRDA:84,58,0,1
BRDA:87,59,0,4
BRDA:169,60,0,4
BRDA:210,61,0,4
BRDA:237,62,0,4
BRDA:275,63,0,4
BRF:64
BRH:51
end_of_record
TN:
SF:src/controllers/user.controller.js
FN:2,asyncGeneratorStep
FN:2,_asyncToGenerator
FN:2,_next
FN:2,_throw
FN:7,_callee
FN:7,_callee$
FN:21,_callee2
FN:21,_callee2$
FN:31,_callee3
FN:31,_callee3$
FN:48,read
FN:54,_callee5
FN:54,_callee5$
FN:57,_callee4
FN:57,_callee4$
FN:84,_callee6
FN:84,_callee6$
FN:98,photo
FN:125,defaultPhoto
FNF:19
FNH:17
FNDA:23,asyncGeneratorStep
FNDA:21,_asyncToGenerator
FNDA:22,_next
FNDA:1,_throw
FNDA:3,_callee
FNDA:11,_callee$
FNDA:1,_callee2
FNDA:2,_callee2$
FNDA:4,_callee3
FNDA:8,_callee3$
FNDA:1,read
FNDA:1,_callee5
FNDA:1,_callee5$
FNDA:1,_callee4
FNDA:3,_callee4$
FNDA:1,_callee6
FNDA:3,_callee6$
FNDA:0,photo
FNDA:0,defaultPhoto
DA:1,1
DA:2,1
DA:3,1
DA:4,1
DA:5,1
DA:6,1
DA:7,1
DA:8,3
DA:9,3
DA:10,3
DA:11,3
DA:12,2
DA:13,2
DA:14,1
DA:15,1
DA:16,1
DA:17,1
DA:18,1
DA:19,1
DA:20,1
DA:21,1
DA:22,1
DA:23,1
DA:24,1
DA:25,0
DA:26,0
DA:27,0
DA:28,0
DA:29,1
DA:30,1
DA:31,1
DA:32,4
DA:33,4
DA:34,4
DA:35,0
DA:36,0
DA:37,0
DA:38,4
DA:39,4
DA:40,4
DA:41,4
DA:42,0
DA:43,0
DA:44,0
DA:45,0
DA:46,1
DA:47,1
DA:48,1
DA:49,1
DA:50,1
DA:51,1
DA:52,1
DA:53,1
DA:54,1
DA:55,1
DA:56,1
DA:57,1
DA:58,1
DA:59,0
DA:60,0
DA:61,0
DA:62,1
DA:63,1
DA:64,1
DA:65,1
DA:66,1
DA:67,0
DA:68,0
DA:69,0
DA:70,1
DA:71,1
DA:72,1
DA:73,1
DA:74,1
DA:75,1
DA:76,1
DA:77,0
DA:78,0
DA:79,0
DA:80,0
DA:81,1
DA:82,1
DA:83,1
DA:84,1
DA:85,1
DA:86,1
DA:87,1
DA:88,1
DA:89,1
DA:90,1
DA:91,1
DA:92,0
DA:93,0
DA:94,0
DA:95,0
DA:96,1
DA:97,1
DA:98,1
DA:99,0
DA:100,0
DA:101,0
DA:102,0
DA:103,0
DA:104,0
DA:105,0
DA:106,0
DA:107,0
DA:108,0
DA:109,0
DA:110,0
DA:111,0
DA:112,0
DA:113,0
DA:114,0
DA:115,0
DA:116,0
DA:117,0
DA:118,0
DA:119,0
DA:120,0
DA:121,0
DA:122,0
DA:123,0
DA:124,1
DA:125,1
DA:126,0
DA:127,0
LF:127
LH:75
BRDA:2,0,0,23
BRDA:2,1,0,0
BRDA:2,2,0,11
BRDA:2,3,0,12
BRDA:2,4,0,21
BRDA:2,5,0,11
BRDA:2,6,0,11
BRDA:2,7,0,22
BRDA:2,8,0,1
BRDA:7,9,0,4
BRDA:7,10,0,3
BRDA:7,11,0,11
BRDA:7,12,0,13
BRDA:7,13,0,3
BRDA:10,14,0,3
BRDA:11,15,0,2
BRDA:11,16,0,1
BRDA:11,17,0,2
BRDA:13,18,0,1
BRDA:14,19,0,1
BRDA:18,20,0,0
BRDA:18,21,0,3
BRDA:21,22,0,4
BRDA:21,23,0,1
BRDA:21,24,0,2
BRDA:21,25,0,3
BRDA:21,26,0,1
BRDA:23,27,0,1
BRDA:25,28,0,0
BRDA:28,29,0,1
BRDA:28,30,0,1
BRDA:31,31,0,4
BRDA:31,32,0,4
BRDA:31,33,0,8
BRDA:31,34,0,16
BRDA:31,35,0,4
BRDA:33,36,0,4
BRDA:34,37,0,0
BRDA:37,38,0,4
BRDA:42,39,0,0
BRDA:45,40,0,4
BRDA:45,41,0,4
BRDA:48,42,0,1
BRDA:54,43,0,4
BRDA:54,44,0,1
BRDA:54,45,0,1
BRDA:57,46,0,1
BRDA:57,47,0,1
BRDA:57,48,0,3
BRDA:57,49,0,4
BRDA:57,50,0,1
BRDA:58,51,0,0
BRDA:61,52,0,1
BRDA:66,53,0,0
BRDA:71,54,0,1
BRDA:76,55,0,0
BRDA:80,56,0,0
BRDA:80,57,0,1
BRDA:82,58,0,1
BRDA:84,59,0,4
BRDA:84,60,0,1
BRDA:84,61,0,3
BRDA:84,62,0,1
BRDA:88,63,0,1
BRDA:91,64,0,0
BRDA:95,65,0,0
BRDA:95,66,0,1
BRF:67
BRH:56
end_of_record
TN:
SF:src/helpers/dbErrorHandler.js
FN:2,getErrorMessage
FN:20,getUniqueErrorMessage
FNF:2
FNH:1
FNDA:1,getErrorMessage
FNDA:0,getUniqueErrorMessage
DA:1,1
DA:2,1
DA:3,1
DA:4,1
DA:5,0
DA:6,0
DA:7,0
DA:8,0
DA:9,0
DA:10,0
DA:11,0
DA:12,0
DA:13,1
DA:14,1
DA:15,1
DA:16,1
DA:17,1
DA:18,1
DA:19,1
DA:20,1
DA:21,0
DA:22,0
DA:23,0
DA:24,0
DA:25,0
DA:26,0
DA:27,0
DA:28,0
DA:29,0
DA:30,0
DA:31,0
DA:32,0
DA:33,1
LF:33
LH:13
BRDA:2,0,0,1
BRDA:4,1,0,0
BRF:2
BRH:1
end_of_record
TN:
SF:src/models/expense.model.js
FNF:0
FNH:0
DA:1,1
DA:2,1
DA:3,1
DA:4,1
DA:5,1
DA:6,1
DA:7,1
DA:8,1
DA:9,1
DA:10,1
DA:11,1
DA:12,1
DA:13,1
DA:14,1
DA:15,1
DA:16,1
DA:17,1
DA:18,1
DA:19,1
DA:20,1
DA:21,1
DA:22,1
DA:23,1
DA:24,1
DA:25,1
DA:26,1
DA:27,1
DA:28,1
DA:29,1
DA:30,1
DA:31,1
DA:32,1
DA:33,1
DA:34,1
DA:35,1
DA:36,1
LF:36
LH:36
BRF:0
BRH:0
end_of_record
TN:
SF:src/models/user.model.js
FN:56,authenticate
FN:59,encryptPassword
FN:70,makeSalt
FNF:3
FNH:3
FNDA:2,authenticate
FNDA:48,encryptPassword
FNDA:46,makeSalt
DA:1,1
DA:2,1
DA:3,1
DA:4,1
DA:5,1
DA:6,1
DA:7,1
DA:8,1
DA:9,1
DA:10,1
DA:11,1
DA:12,1
DA:13,1
DA:14,1
DA:15,1
DA:16,1
DA:17,1
DA:18,1
DA:19,1
DA:20,1
DA:21,1
DA:22,1
DA:23,1
DA:24,1
DA:25,1
DA:26,1
DA:27,1
DA:28,1
DA:29,1
DA:30,1
DA:31,1
DA:32,1
DA:33,1
DA:34,1
DA:35,1
DA:36,1
DA:37,1
DA:38,46
DA:39,46
DA:40,46
DA:41,46
DA:42,1
DA:43,3
DA:44,1
DA:45,1
DA:46,1
DA:47,46
DA:48,1
DA:49,1
DA:50,46
DA:51,0
DA:52,0
DA:53,1
DA:54,1
DA:55,1
DA:56,1
DA:57,2
DA:58,1
DA:59,1
DA:60,48
DA:61,48
DA:62,48
DA:63,48
DA:64,48
DA:65,48
DA:66,48
DA:67,0
DA:68,0
DA:69,1
DA:70,1
DA:71,46
DA:72,46
DA:73,1
DA:74,1
DA:75,1
LF:75
LH:71
BRDA:37,0,0,46
BRDA:42,1,0,3
BRDA:46,2,0,46
BRDA:47,3,0,1
BRDA:50,4,0,45
BRDA:50,5,0,0
BRDA:56,6,0,2
BRDA:59,7,0,48
BRDA:60,8,0,0
BRDA:66,9,0,0
BRDA:70,10,0,46
BRF:11
BRH:8
end_of_record
TN:
SF:src/routes/auth.routes.js
FNF:0
FNH:0
DA:1,1
DA:2,1
DA:3,1
DA:4,1
DA:5,1
DA:6,1
LF:6
LH:6
BRF:0
BRH:0
end_of_record
TN:
SF:src/routes/expense.routes.js
FNF:0
FNH:0
DA:1,1
DA:2,1
DA:3,1
DA:4,1
DA:5,1
DA:6,1
DA:7,1
DA:8,1
DA:9,1
DA:10,1
DA:11,1
DA:12,1
DA:13,1
DA:14,1
DA:15,1
DA:16,1
DA:17,1
DA:18,1
DA:19,1
DA:20,1
DA:21,1
DA:22,1
DA:23,1
DA:24,1
DA:25,1
DA:26,1
DA:27,1
DA:28,1
DA:29,1
DA:30,1
DA:31,1
LF:31
LH:31
BRF:0
BRH:0
end_of_record
TN:
SF:src/routes/user.routes.js
FNF:0
FNH:0
DA:1,1
DA:2,1
DA:3,1
DA:4,1
DA:5,1
DA:6,1
DA:7,1
DA:8,1
DA:9,1
DA:10,1
DA:11,1
DA:12,1
DA:13,1
DA:14,1
DA:15,1
DA:16,1
DA:17,1
DA:18,1
DA:19,1
DA:20,1
DA:21,1
DA:22,1
DA:23,1
DA:24,1
DA:25,1
LF:25
LH:25
BRF:0
BRH:0
end_of_record
TN:
SF:src/utils/seedFn.js
FN:2,asyncGeneratorStep
FN:2,_asyncToGenerator
FN:2,_next
FN:2,_throw
FN:6,_callee
FN:6,_callee$
FN:26,_callee2
FN:26,_callee2$
FN:59,_callee3
FN:59,_callee3$
FNF:10
FNH:9
FNDA:200,asyncGeneratorStep
FNDA:15,_asyncToGenerator
FNDA:200,_next
FNDA:0,_throw
FNDA:20,_callee
FNDA:60,_callee$
FNDA:20,_callee2
FNDA:80,_callee2$
FNDA:20,_callee3
FNDA:60,_callee3$
DA:1,1
DA:2,0
DA:3,1
DA:4,1
DA:5,1
DA:6,1
DA:7,20
DA:8,20
DA:9,20
DA:10,20
DA:11,20
DA:12,20
DA:13,20
DA:14,20
DA:15,20
DA:16,20
DA:17,20
DA:18,20
DA:19,20
DA:20,20
DA:21,20
DA:22,60
DA:23,60
DA:24,60
DA:25,1
DA:26,1
DA:27,20
DA:28,20
DA:29,20
DA:30,20
DA:31,20
DA:32,20
DA:33,20
DA:34,20
DA:35,20
DA:36,20
DA:37,20
DA:38,20
DA:39,20
DA:40,20
DA:41,20
DA:42,20
DA:43,20
DA:44,20
DA:45,20
DA:46,20
DA:47,20
DA:48,20
DA:49,20
DA:50,20
DA:51,20
DA:52,20
DA:53,20
DA:54,20
DA:55,20
DA:56,1
DA:57,1
DA:58,1
DA:59,1
DA:60,20
DA:61,20
DA:62,20
DA:63,1
DA:64,1
LF:64
LH:63
BRDA:2,0,0,200
BRDA:2,1,0,0
BRDA:2,2,0,60
BRDA:2,3,0,140
BRDA:2,4,0,15
BRDA:2,5,0,60
BRDA:2,6,0,60
BRDA:2,7,0,200
BRDA:6,8,0,5
BRDA:6,9,0,20
BRDA:6,10,0,60
BRDA:6,11,0,20
BRDA:12,12,0,20
BRDA:18,13,0,20
BRDA:24,14,0,20
BRDA:24,15,0,20
BRDA:26,16,0,5
BRDA:26,17,0,20
BRDA:26,18,0,80
BRDA:26,19,0,20
BRDA:36,20,0,20
BRDA:45,21,0,20
BRDA:55,22,0,20
BRDA:55,23,0,20
BRDA:59,24,0,5
BRDA:59,25,0,20
BRDA:59,26,0,60
BRDA:59,27,0,20
BRDA:61,28,0,20
BRDA:62,29,0,20
BRDA:62,30,0,20
BRF:31
BRH:30
end_of_record
